The target system is: Linux -  - 
The host system is: Darwin - 18.6.0 - x86_64
Compiling the C compiler identification source file "CMakeCCompilerId.c" succeeded.
Compiler: /Users/staff/Documents/worksoft/android-ndk-r13/toolchains/aarch64-linux-android-4.9/prebuilt/darwin-x86_64/bin/aarch64-linux-android-gcc --sysroot=/Users/staff/Documents/worksoft/android-ndk-r13/platforms/android-21/arch-arm64
Build flags: ;-fpic;-ffunction-sections;;-funwind-tables;;-fstack-protector;;-no-canonical-prefixes;-I/Users/staff/Documents/cocos2dxlib/cocos2d-x-3rd-party-libs-src/contrib/install-android/arm64/include;-O3;-DNDEBUG;-fPIC
Id flags:  

The output was:
0


Compilation of the C compiler identification source "CMakeCCompilerId.c" produced "a.out"

The C compiler identification is GNU, found in "/Users/staff/Documents/cocos2dxlib/cocos2d-x-3rd-party-libs-src/contrib/android-arm64/chipmunk/CMakeFiles/3.21.4/CompilerIdC/a.out"

Compiling the CXX compiler identification source file "CMakeCXXCompilerId.cpp" succeeded.
Compiler: /Users/staff/Documents/worksoft/android-ndk-r13/toolchains/aarch64-linux-android-4.9/prebuilt/darwin-x86_64/bin/aarch64-linux-android-g++ --sysroot=/Users/staff/Documents/worksoft/android-ndk-r13/platforms/android-21/arch-arm64
Build flags: ;-fpic;-ffunction-sections;;-funwind-tables;;-fstack-protector;;-no-canonical-prefixes;-I/Users/staff/Documents/cocos2dxlib/cocos2d-x-3rd-party-libs-src/contrib/install-android/arm64/include;-O3;-DNDEBUG;-fPIC
Id flags:  

The output was:
0


Compilation of the CXX compiler identification source "CMakeCXXCompilerId.cpp" produced "a.out"

The CXX compiler identification is GNU, found in "/Users/staff/Documents/cocos2dxlib/cocos2d-x-3rd-party-libs-src/contrib/android-arm64/chipmunk/CMakeFiles/3.21.4/CompilerIdCXX/a.out"

Detecting C compiler ABI info compiled with the following output:
Change Dir: /Users/staff/Documents/cocos2dxlib/cocos2d-x-3rd-party-libs-src/contrib/android-arm64/chipmunk/CMakeFiles/CMakeTmp

Run Build Command(s):/usr/bin/make -f Makefile cmTC_19a23/fast && /Applications/Xcode.app/Contents/Developer/usr/bin/make  -f CMakeFiles/cmTC_19a23.dir/build.make CMakeFiles/cmTC_19a23.dir/build
Building C object CMakeFiles/cmTC_19a23.dir/CMakeCCompilerABI.c.o
/Users/staff/Documents/worksoft/android-ndk-r13/toolchains/aarch64-linux-android-4.9/prebuilt/darwin-x86_64/bin/aarch64-linux-android-gcc --sysroot=/Users/staff/Documents/worksoft/android-ndk-r13/platforms/android-21/arch-arm64   -fpic -ffunction-sections  -funwind-tables  -fstack-protector  -no-canonical-prefixes -I/Users/staff/Documents/cocos2dxlib/cocos2d-x-3rd-party-libs-src/contrib/install-android/arm64/include -O3 -DNDEBUG -fPIC    -v -o CMakeFiles/cmTC_19a23.dir/CMakeCCompilerABI.c.o -c /usr/local/Cellar/cmake/3.21.4/share/cmake/Modules/CMakeCCompilerABI.c
Using built-in specs.
COLLECT_GCC=/Users/staff/Documents/worksoft/android-ndk-r13/toolchains/aarch64-linux-android-4.9/prebuilt/darwin-x86_64/bin/aarch64-linux-android-gcc
Target: aarch64-linux-android
Configured with: /Volumes/Android/buildbot/src/android/gcc/toolchain/build/../gcc/gcc-4.9/configure --prefix=/tmp/118a072655ec599826c2fad30bdf4c73 --target=aarch64-linux-android --host=x86_64-apple-darwin --build=x86_64-apple-darwin --with-gnu-as --with-gnu-ld --enable-languages=c,c++ --with-gmp=/buildbot/tmp/build/toolchain/temp-install --with-mpfr=/buildbot/tmp/build/toolchain/temp-install --with-mpc=/buildbot/tmp/build/toolchain/temp-install --with-cloog=/buildbot/tmp/build/toolchain/temp-install --with-isl=/buildbot/tmp/build/toolchain/temp-install --with-ppl=/buildbot/tmp/build/toolchain/temp-install --disable-ppl-version-check --disable-cloog-version-check --disable-isl-version-check --enable-cloog-backend=isl --with-host-libstdcxx='-static-libgcc -lstdc++ -lm' --disable-libssp --enable-threads --disable-nls --disable-libmudflap --disable-libgomp --disable-libstdc__-v3 --disable-sjlj-exceptions --disable-shared --disable-tls --disable-libitm --enable-bionic-libs --enable-libatomic-ifuncs=no --enable-initfini-array --disable-nls --prefix=/tmp/118a072655ec599826c2fad30bdf4c73 --with-sysroot=/tmp/118a072655ec599826c2fad30bdf4c73/sysroot --with-binutils-version=2.25 --with-mpfr-version=3.1.1 --with-mpc-version=1.0.1 --with-gmp-version=5.0.5 --with-gcc-version=4.9 --with-gdb-version=none --with-gxx-include-dir=/tmp/118a072655ec599826c2fad30bdf4c73/include/c++/4.9.x --with-bugurl=http://source.android.com/source/report-bugs.html --enable-languages=c,c++ --disable-bootstrap --enable-plugins --enable-libgomp --enable-gnu-indirect-function --disable-libsanitizer --enable-gold --enable-ld=default --enable-threads --enable-eh-frame-hdr-for-static --enable-fix-cortex-a53-835769 --enable-graphite=yes --with-isl-version=0.11.1 --with-cloog-version=0.18.0 --program-transform-name='s&^&aarch64-linux-android-&' --enable-gold
Thread model: posix
gcc version 4.9.x 20150123 (prerelease) (GCC) 
COLLECT_GCC_OPTIONS='-ffunction-sections' '-funwind-tables' '-fstack-protector' '-I' '/Users/staff/Documents/cocos2dxlib/cocos2d-x-3rd-party-libs-src/contrib/install-android/arm64/include' '-O3' '-D' 'NDEBUG' '-fPIC' '-v' '-o' 'CMakeFiles/cmTC_19a23.dir/CMakeCCompilerABI.c.o' '-c' '-mlittle-endian' '-mabi=lp64'
 /Users/staff/Documents/worksoft/android-ndk-r13/toolchains/aarch64-linux-android-4.9/prebuilt/darwin-x86_64/bin/../libexec/gcc/aarch64-linux-android/4.9.x/cc1 -quiet -v -I /Users/staff/Documents/cocos2dxlib/cocos2d-x-3rd-party-libs-src/contrib/install-android/arm64/include -iprefix /Users/staff/Documents/worksoft/android-ndk-r13/toolchains/aarch64-linux-android-4.9/prebuilt/darwin-x86_64/bin/../lib/gcc/aarch64-linux-android/4.9.x/ -isysroot /Users/staff/Documents/worksoft/android-ndk-r13/platforms/android-21/arch-arm64 -D NDEBUG /usr/local/Cellar/cmake/3.21.4/share/cmake/Modules/CMakeCCompilerABI.c -mbionic -quiet -dumpbase CMakeCCompilerABI.c -mlittle-endian -mabi=lp64 -auxbase-strip CMakeFiles/cmTC_19a23.dir/CMakeCCompilerABI.c.o -O3 -version -ffunction-sections -funwind-tables -fstack-protector -fPIC -o /var/folders/9y/g4jd7b0j2v567f391nk644800000gn/T//ccHX9uKB.s
GNU C (GCC) version 4.9.x 20150123 (prerelease) (aarch64-linux-android)
	compiled by GNU C version 4.2.1 (Apple Inc. build 5666) (dot 3), GMP version 5.0.5, MPFR version 3.1.1, MPC version 1.0.1
GGC heuristics: --param ggc-min-expand=100 --param ggc-min-heapsize=131072
ignoring nonexistent directory "/Users/staff/Documents/worksoft/android-ndk-r13/toolchains/aarch64-linux-android-4.9/prebuilt/darwin-x86_64/bin/../lib/gcc/aarch64-linux-android/4.9.x/../../../../aarch64-linux-android/include"
ignoring duplicate directory "/Users/staff/Documents/worksoft/android-ndk-r13/toolchains/aarch64-linux-android-4.9/prebuilt/darwin-x86_64/bin/../lib/gcc/../../lib/gcc/aarch64-linux-android/4.9.x/include"
ignoring nonexistent directory "/Users/staff/Documents/worksoft/android-ndk-r13/platforms/android-21/arch-arm64/usr/local/include"
ignoring duplicate directory "/Users/staff/Documents/worksoft/android-ndk-r13/toolchains/aarch64-linux-android-4.9/prebuilt/darwin-x86_64/bin/../lib/gcc/../../lib/gcc/aarch64-linux-android/4.9.x/include-fixed"
ignoring nonexistent directory "/Users/staff/Documents/worksoft/android-ndk-r13/toolchains/aarch64-linux-android-4.9/prebuilt/darwin-x86_64/bin/../lib/gcc/../../lib/gcc/aarch64-linux-android/4.9.x/../../../../aarch64-linux-android/include"
ignoring nonexistent directory "/Users/staff/Documents/cocos2dxlib/cocos2d-x-3rd-party-libs-src/contrib/install-android/arm64/include"
#include "..." search starts here:
#include <...> search starts here:
 /Users/staff/Documents/worksoft/android-ndk-r13/toolchains/aarch64-linux-android-4.9/prebuilt/darwin-x86_64/bin/../lib/gcc/aarch64-linux-android/4.9.x/include
 /Users/staff/Documents/worksoft/android-ndk-r13/toolchains/aarch64-linux-android-4.9/prebuilt/darwin-x86_64/bin/../lib/gcc/aarch64-linux-android/4.9.x/include-fixed
 /Users/staff/Documents/worksoft/android-ndk-r13/platforms/android-21/arch-arm64/usr/include
End of search list.
GNU C (GCC) version 4.9.x 20150123 (prerelease) (aarch64-linux-android)
	compiled by GNU C version 4.2.1 (Apple Inc. build 5666) (dot 3), GMP version 5.0.5, MPFR version 3.1.1, MPC version 1.0.1
GGC heuristics: --param ggc-min-expand=100 --param ggc-min-heapsize=131072
Compiler executable checksum: a656523662424c843d47e6c6b3fc711b
COLLECT_GCC_OPTIONS='-ffunction-sections' '-funwind-tables' '-fstack-protector' '-I' '/Users/staff/Documents/cocos2dxlib/cocos2d-x-3rd-party-libs-src/contrib/install-android/arm64/include' '-O3' '-D' 'NDEBUG' '-fPIC' '-v' '-o' 'CMakeFiles/cmTC_19a23.dir/CMakeCCompilerABI.c.o' '-c' '-mlittle-endian' '-mabi=lp64'
 /Users/staff/Documents/worksoft/android-ndk-r13/toolchains/aarch64-linux-android-4.9/prebuilt/darwin-x86_64/bin/../lib/gcc/aarch64-linux-android/4.9.x/../../../../aarch64-linux-android/bin/as -v -I /Users/staff/Documents/cocos2dxlib/cocos2d-x-3rd-party-libs-src/contrib/install-android/arm64/include -EL -mabi=lp64 -o CMakeFiles/cmTC_19a23.dir/CMakeCCompilerABI.c.o /var/folders/9y/g4jd7b0j2v567f391nk644800000gn/T//ccHX9uKB.s
GNU assembler version 2.25.51 (aarch64-linux-android) using BFD version (binutils-2.25-0666073) 2.25.51.20141117
COMPILER_PATH=/Users/staff/Documents/worksoft/android-ndk-r13/toolchains/aarch64-linux-android-4.9/prebuilt/darwin-x86_64/bin/../libexec/gcc/aarch64-linux-android/4.9.x/:/Users/staff/Documents/worksoft/android-ndk-r13/toolchains/aarch64-linux-android-4.9/prebuilt/darwin-x86_64/bin/../libexec/gcc/:/Users/staff/Documents/worksoft/android-ndk-r13/toolchains/aarch64-linux-android-4.9/prebuilt/darwin-x86_64/bin/../lib/gcc/aarch64-linux-android/4.9.x/../../../../aarch64-linux-android/bin/
LIBRARY_PATH=/Users/staff/Documents/worksoft/android-ndk-r13/toolchains/aarch64-linux-android-4.9/prebuilt/darwin-x86_64/bin/../lib/gcc/aarch64-linux-android/4.9.x/:/Users/staff/Documents/worksoft/android-ndk-r13/toolchains/aarch64-linux-android-4.9/prebuilt/darwin-x86_64/bin/../lib/gcc/:/Users/staff/Documents/worksoft/android-ndk-r13/toolchains/aarch64-linux-android-4.9/prebuilt/darwin-x86_64/bin/../lib/gcc/aarch64-linux-android/4.9.x/../../../../aarch64-linux-android/lib/../lib64/:/Users/staff/Documents/worksoft/android-ndk-r13/toolchains/aarch64-linux-android-4.9/prebuilt/darwin-x86_64/bin/../lib/gcc/aarch64-linux-android/4.9.x/../../../../aarch64-linux-android/lib/:/Users/staff/Documents/worksoft/android-ndk-r13/platforms/android-21/arch-arm64/usr/lib/
COLLECT_GCC_OPTIONS='-ffunction-sections' '-funwind-tables' '-fstack-protector' '-I' '/Users/staff/Documents/cocos2dxlib/cocos2d-x-3rd-party-libs-src/contrib/install-android/arm64/include' '-O3' '-D' 'NDEBUG' '-fPIC' '-v' '-o' 'CMakeFiles/cmTC_19a23.dir/CMakeCCompilerABI.c.o' '-c' '-mlittle-endian' '-mabi=lp64'
Linking C executable cmTC_19a23
/usr/local/Cellar/cmake/3.21.4/bin/cmake -E cmake_link_script CMakeFiles/cmTC_19a23.dir/link.txt --verbose=1
/Users/staff/Documents/worksoft/android-ndk-r13/toolchains/aarch64-linux-android-4.9/prebuilt/darwin-x86_64/bin/aarch64-linux-android-gcc --sysroot=/Users/staff/Documents/worksoft/android-ndk-r13/platforms/android-21/arch-arm64 -fpic -ffunction-sections  -funwind-tables  -fstack-protector  -no-canonical-prefixes -I/Users/staff/Documents/cocos2dxlib/cocos2d-x-3rd-party-libs-src/contrib/install-android/arm64/include -O3 -DNDEBUG -fPIC  -no-canonical-prefixes -L/Users/staff/Documents/cocos2dxlib/cocos2d-x-3rd-party-libs-src/contrib/install-android/arm64/lib -v -rdynamic CMakeFiles/cmTC_19a23.dir/CMakeCCompilerABI.c.o -o cmTC_19a23 
Using built-in specs.
COLLECT_GCC=/Users/staff/Documents/worksoft/android-ndk-r13/toolchains/aarch64-linux-android-4.9/prebuilt/darwin-x86_64/bin/aarch64-linux-android-gcc
COLLECT_LTO_WRAPPER=/Users/staff/Documents/worksoft/android-ndk-r13/toolchains/aarch64-linux-android-4.9/prebuilt/darwin-x86_64/bin/../libexec/gcc/aarch64-linux-android/4.9.x/lto-wrapper
Target: aarch64-linux-android
Configured with: /Volumes/Android/buildbot/src/android/gcc/toolchain/build/../gcc/gcc-4.9/configure --prefix=/tmp/118a072655ec599826c2fad30bdf4c73 --target=aarch64-linux-android --host=x86_64-apple-darwin --build=x86_64-apple-darwin --with-gnu-as --with-gnu-ld --enable-languages=c,c++ --with-gmp=/buildbot/tmp/build/toolchain/temp-install --with-mpfr=/buildbot/tmp/build/toolchain/temp-install --with-mpc=/buildbot/tmp/build/toolchain/temp-install --with-cloog=/buildbot/tmp/build/toolchain/temp-install --with-isl=/buildbot/tmp/build/toolchain/temp-install --with-ppl=/buildbot/tmp/build/toolchain/temp-install --disable-ppl-version-check --disable-cloog-version-check --disable-isl-version-check --enable-cloog-backend=isl --with-host-libstdcxx='-static-libgcc -lstdc++ -lm' --disable-libssp --enable-threads --disable-nls --disable-libmudflap --disable-libgomp --disable-libstdc__-v3 --disable-sjlj-exceptions --disable-shared --disable-tls --disable-libitm --enable-bionic-libs --enable-libatomic-ifuncs=no --enable-initfini-array --disable-nls --prefix=/tmp/118a072655ec599826c2fad30bdf4c73 --with-sysroot=/tmp/118a072655ec599826c2fad30bdf4c73/sysroot --with-binutils-version=2.25 --with-mpfr-version=3.1.1 --with-mpc-version=1.0.1 --with-gmp-version=5.0.5 --with-gcc-version=4.9 --with-gdb-version=none --with-gxx-include-dir=/tmp/118a072655ec599826c2fad30bdf4c73/include/c++/4.9.x --with-bugurl=http://source.android.com/source/report-bugs.html --enable-languages=c,c++ --disable-bootstrap --enable-plugins --enable-libgomp --enable-gnu-indirect-function --disable-libsanitizer --enable-gold --enable-ld=default --enable-threads --enable-eh-frame-hdr-for-static --enable-fix-cortex-a53-835769 --enable-graphite=yes --with-isl-version=0.11.1 --with-cloog-version=0.18.0 --program-transform-name='s&^&aarch64-linux-android-&' --enable-gold
Thread model: posix
gcc version 4.9.x 20150123 (prerelease) (GCC) 
COMPILER_PATH=/Users/staff/Documents/worksoft/android-ndk-r13/toolchains/aarch64-linux-android-4.9/prebuilt/darwin-x86_64/bin/../libexec/gcc/aarch64-linux-android/4.9.x/:/Users/staff/Documents/worksoft/android-ndk-r13/toolchains/aarch64-linux-android-4.9/prebuilt/darwin-x86_64/bin/../libexec/gcc/:/Users/staff/Documents/worksoft/android-ndk-r13/toolchains/aarch64-linux-android-4.9/prebuilt/darwin-x86_64/bin/../lib/gcc/aarch64-linux-android/4.9.x/../../../../aarch64-linux-android/bin/
LIBRARY_PATH=/Users/staff/Documents/worksoft/android-ndk-r13/toolchains/aarch64-linux-android-4.9/prebuilt/darwin-x86_64/bin/../lib/gcc/aarch64-linux-android/4.9.x/:/Users/staff/Documents/worksoft/android-ndk-r13/toolchains/aarch64-linux-android-4.9/prebuilt/darwin-x86_64/bin/../lib/gcc/:/Users/staff/Documents/worksoft/android-ndk-r13/toolchains/aarch64-linux-android-4.9/prebuilt/darwin-x86_64/bin/../lib/gcc/aarch64-linux-android/4.9.x/../../../../aarch64-linux-android/lib/../lib64/:/Users/staff/Documents/worksoft/android-ndk-r13/toolchains/aarch64-linux-android-4.9/prebuilt/darwin-x86_64/bin/../lib/gcc/aarch64-linux-android/4.9.x/../../../../aarch64-linux-android/lib/:/Users/staff/Documents/worksoft/android-ndk-r13/platforms/android-21/arch-arm64/usr/lib/
COLLECT_GCC_OPTIONS='-ffunction-sections' '-funwind-tables' '-fstack-protector' '-I' '/Users/staff/Documents/cocos2dxlib/cocos2d-x-3rd-party-libs-src/contrib/install-android/arm64/include' '-O3' '-D' 'NDEBUG' '-fPIC' '-L/Users/staff/Documents/cocos2dxlib/cocos2d-x-3rd-party-libs-src/contrib/install-android/arm64/lib' '-v' '-rdynamic' '-o' 'cmTC_19a23' '-mlittle-endian' '-mabi=lp64'
 /Users/staff/Documents/worksoft/android-ndk-r13/toolchains/aarch64-linux-android-4.9/prebuilt/darwin-x86_64/bin/../libexec/gcc/aarch64-linux-android/4.9.x/collect2 -plugin /Users/staff/Documents/worksoft/android-ndk-r13/toolchains/aarch64-linux-android-4.9/prebuilt/darwin-x86_64/bin/../libexec/gcc/aarch64-linux-android/4.9.x/liblto_plugin.so -plugin-opt=/Users/staff/Documents/worksoft/android-ndk-r13/toolchains/aarch64-linux-android-4.9/prebuilt/darwin-x86_64/bin/../libexec/gcc/aarch64-linux-android/4.9.x/lto-wrapper -plugin-opt=-fresolution=/var/folders/9y/g4jd7b0j2v567f391nk644800000gn/T//ccQjnZtQ.res -plugin-opt=-pass-through=-lgcc -plugin-opt=-pass-through=-lc -plugin-opt=-pass-through=-ldl -plugin-opt=-pass-through=-lgcc --sysroot=/Users/staff/Documents/worksoft/android-ndk-r13/platforms/android-21/arch-arm64 --eh-frame-hdr -export-dynamic -dynamic-linker /system/bin/linker64 -X -EL -maarch64linux --fix-cortex-a53-835769 --fix-cortex-a53-843419 -z noexecstack -z relro -z now -o cmTC_19a23 /Users/staff/Documents/worksoft/android-ndk-r13/platforms/android-21/arch-arm64/usr/lib/crtbegin_dynamic.o -L/Users/staff/Documents/cocos2dxlib/cocos2d-x-3rd-party-libs-src/contrib/install-android/arm64/lib -L/Users/staff/Documents/worksoft/android-ndk-r13/toolchains/aarch64-linux-android-4.9/prebuilt/darwin-x86_64/bin/../lib/gcc/aarch64-linux-android/4.9.x -L/Users/staff/Documents/worksoft/android-ndk-r13/toolchains/aarch64-linux-android-4.9/prebuilt/darwin-x86_64/bin/../lib/gcc -L/Users/staff/Documents/worksoft/android-ndk-r13/toolchains/aarch64-linux-android-4.9/prebuilt/darwin-x86_64/bin/../lib/gcc/aarch64-linux-android/4.9.x/../../../../aarch64-linux-android/lib/../lib64 -L/Users/staff/Documents/worksoft/android-ndk-r13/toolchains/aarch64-linux-android-4.9/prebuilt/darwin-x86_64/bin/../lib/gcc/aarch64-linux-android/4.9.x/../../../../aarch64-linux-android/lib -L/Users/staff/Documents/worksoft/android-ndk-r13/platforms/android-21/arch-arm64/usr/lib CMakeFiles/cmTC_19a23.dir/CMakeCCompilerABI.c.o -lgcc -lc -ldl -lgcc /Users/staff/Documents/worksoft/android-ndk-r13/platforms/android-21/arch-arm64/usr/lib/crtend_android.o



Parsed C implicit include dir info from above output: rv=done
  found start of include info
  found start of implicit include info
    add: [/Users/staff/Documents/worksoft/android-ndk-r13/toolchains/aarch64-linux-android-4.9/prebuilt/darwin-x86_64/bin/../lib/gcc/aarch64-linux-android/4.9.x/include]
    add: [/Users/staff/Documents/worksoft/android-ndk-r13/toolchains/aarch64-linux-android-4.9/prebuilt/darwin-x86_64/bin/../lib/gcc/aarch64-linux-android/4.9.x/include-fixed]
    add: [/Users/staff/Documents/worksoft/android-ndk-r13/platforms/android-21/arch-arm64/usr/include]
  end of search list found
  collapse include dir [/Users/staff/Documents/worksoft/android-ndk-r13/toolchains/aarch64-linux-android-4.9/prebuilt/darwin-x86_64/bin/../lib/gcc/aarch64-linux-android/4.9.x/include] ==> [/Users/staff/Documents/worksoft/android-ndk-r13/toolchains/aarch64-linux-android-4.9/prebuilt/darwin-x86_64/lib/gcc/aarch64-linux-android/4.9.x/include]
  collapse include dir [/Users/staff/Documents/worksoft/android-ndk-r13/toolchains/aarch64-linux-android-4.9/prebuilt/darwin-x86_64/bin/../lib/gcc/aarch64-linux-android/4.9.x/include-fixed] ==> [/Users/staff/Documents/worksoft/android-ndk-r13/toolchains/aarch64-linux-android-4.9/prebuilt/darwin-x86_64/lib/gcc/aarch64-linux-android/4.9.x/include-fixed]
  collapse include dir [/Users/staff/Documents/worksoft/android-ndk-r13/platforms/android-21/arch-arm64/usr/include] ==> [/Users/staff/Documents/worksoft/android-ndk-r13/platforms/android-21/arch-arm64/usr/include]
  implicit include dirs: [/Users/staff/Documents/worksoft/android-ndk-r13/toolchains/aarch64-linux-android-4.9/prebuilt/darwin-x86_64/lib/gcc/aarch64-linux-android/4.9.x/include;/Users/staff/Documents/worksoft/android-ndk-r13/toolchains/aarch64-linux-android-4.9/prebuilt/darwin-x86_64/lib/gcc/aarch64-linux-android/4.9.x/include-fixed;/Users/staff/Documents/worksoft/android-ndk-r13/platforms/android-21/arch-arm64/usr/include]


Parsed C implicit link information from above output:
  link line regex: [^( *|.*[/\])(aarch64-linux-android-ld|CMAKE_LINK_STARTFILE-NOTFOUND|([^/\]+-)?ld|collect2)[^/\]*( |$)]
  ignore line: [Change Dir: /Users/staff/Documents/cocos2dxlib/cocos2d-x-3rd-party-libs-src/contrib/android-arm64/chipmunk/CMakeFiles/CMakeTmp]
  ignore line: []
  ignore line: [Run Build Command(s):/usr/bin/make -f Makefile cmTC_19a23/fast && /Applications/Xcode.app/Contents/Developer/usr/bin/make  -f CMakeFiles/cmTC_19a23.dir/build.make CMakeFiles/cmTC_19a23.dir/build]
  ignore line: [Building C object CMakeFiles/cmTC_19a23.dir/CMakeCCompilerABI.c.o]
  ignore line: [/Users/staff/Documents/worksoft/android-ndk-r13/toolchains/aarch64-linux-android-4.9/prebuilt/darwin-x86_64/bin/aarch64-linux-android-gcc --sysroot=/Users/staff/Documents/worksoft/android-ndk-r13/platforms/android-21/arch-arm64   -fpic -ffunction-sections  -funwind-tables  -fstack-protector  -no-canonical-prefixes -I/Users/staff/Documents/cocos2dxlib/cocos2d-x-3rd-party-libs-src/contrib/install-android/arm64/include -O3 -DNDEBUG -fPIC    -v -o CMakeFiles/cmTC_19a23.dir/CMakeCCompilerABI.c.o -c /usr/local/Cellar/cmake/3.21.4/share/cmake/Modules/CMakeCCompilerABI.c]
  ignore line: [Using built-in specs.]
  ignore line: [COLLECT_GCC=/Users/staff/Documents/worksoft/android-ndk-r13/toolchains/aarch64-linux-android-4.9/prebuilt/darwin-x86_64/bin/aarch64-linux-android-gcc]
  ignore line: [Target: aarch64-linux-android]
  ignore line: [Configured with: /Volumes/Android/buildbot/src/android/gcc/toolchain/build/../gcc/gcc-4.9/configure --prefix=/tmp/118a072655ec599826c2fad30bdf4c73 --target=aarch64-linux-android --host=x86_64-apple-darwin --build=x86_64-apple-darwin --with-gnu-as --with-gnu-ld --enable-languages=c,c++ --with-gmp=/buildbot/tmp/build/toolchain/temp-install --with-mpfr=/buildbot/tmp/build/toolchain/temp-install --with-mpc=/buildbot/tmp/build/toolchain/temp-install --with-cloog=/buildbot/tmp/build/toolchain/temp-install --with-isl=/buildbot/tmp/build/toolchain/temp-install --with-ppl=/buildbot/tmp/build/toolchain/temp-install --disable-ppl-version-check --disable-cloog-version-check --disable-isl-version-check --enable-cloog-backend=isl --with-host-libstdcxx='-static-libgcc -lstdc++ -lm' --disable-libssp --enable-threads --disable-nls --disable-libmudflap --disable-libgomp --disable-libstdc__-v3 --disable-sjlj-exceptions --disable-shared --disable-tls --disable-libitm --enable-bionic-libs --enable-libatomic-ifuncs=no --enable-initfini-array --disable-nls --prefix=/tmp/118a072655ec599826c2fad30bdf4c73 --with-sysroot=/tmp/118a072655ec599826c2fad30bdf4c73/sysroot --with-binutils-version=2.25 --with-mpfr-version=3.1.1 --with-mpc-version=1.0.1 --with-gmp-version=5.0.5 --with-gcc-version=4.9 --with-gdb-version=none --with-gxx-include-dir=/tmp/118a072655ec599826c2fad30bdf4c73/include/c++/4.9.x --with-bugurl=http://source.android.com/source/report-bugs.html --enable-languages=c,c++ --disable-bootstrap --enable-plugins --enable-libgomp --enable-gnu-indirect-function --disable-libsanitizer --enable-gold --enable-ld=default --enable-threads --enable-eh-frame-hdr-for-static --enable-fix-cortex-a53-835769 --enable-graphite=yes --with-isl-version=0.11.1 --with-cloog-version=0.18.0 --program-transform-name='s&^&aarch64-linux-android-&' --enable-gold]
  ignore line: [Thread model: posix]
  ignore line: [gcc version 4.9.x 20150123 (prerelease) (GCC) ]
  ignore line: [COLLECT_GCC_OPTIONS='-ffunction-sections' '-funwind-tables' '-fstack-protector' '-I' '/Users/staff/Documents/cocos2dxlib/cocos2d-x-3rd-party-libs-src/contrib/install-android/arm64/include' '-O3' '-D' 'NDEBUG' '-fPIC' '-v' '-o' 'CMakeFiles/cmTC_19a23.dir/CMakeCCompilerABI.c.o' '-c' '-mlittle-endian' '-mabi=lp64']
  ignore line: [ /Users/staff/Documents/worksoft/android-ndk-r13/toolchains/aarch64-linux-android-4.9/prebuilt/darwin-x86_64/bin/../libexec/gcc/aarch64-linux-android/4.9.x/cc1 -quiet -v -I /Users/staff/Documents/cocos2dxlib/cocos2d-x-3rd-party-libs-src/contrib/install-android/arm64/include -iprefix /Users/staff/Documents/worksoft/android-ndk-r13/toolchains/aarch64-linux-android-4.9/prebuilt/darwin-x86_64/bin/../lib/gcc/aarch64-linux-android/4.9.x/ -isysroot /Users/staff/Documents/worksoft/android-ndk-r13/platforms/android-21/arch-arm64 -D NDEBUG /usr/local/Cellar/cmake/3.21.4/share/cmake/Modules/CMakeCCompilerABI.c -mbionic -quiet -dumpbase CMakeCCompilerABI.c -mlittle-endian -mabi=lp64 -auxbase-strip CMakeFiles/cmTC_19a23.dir/CMakeCCompilerABI.c.o -O3 -version -ffunction-sections -funwind-tables -fstack-protector -fPIC -o /var/folders/9y/g4jd7b0j2v567f391nk644800000gn/T//ccHX9uKB.s]
  ignore line: [GNU C (GCC) version 4.9.x 20150123 (prerelease) (aarch64-linux-android)]
  ignore line: [	compiled by GNU C version 4.2.1 (Apple Inc. build 5666) (dot 3)  GMP version 5.0.5  MPFR version 3.1.1  MPC version 1.0.1]
  ignore line: [GGC heuristics: --param ggc-min-expand=100 --param ggc-min-heapsize=131072]
  ignore line: [ignoring nonexistent directory "/Users/staff/Documents/worksoft/android-ndk-r13/toolchains/aarch64-linux-android-4.9/prebuilt/darwin-x86_64/bin/../lib/gcc/aarch64-linux-android/4.9.x/../../../../aarch64-linux-android/include"]
  ignore line: [ignoring duplicate directory "/Users/staff/Documents/worksoft/android-ndk-r13/toolchains/aarch64-linux-android-4.9/prebuilt/darwin-x86_64/bin/../lib/gcc/../../lib/gcc/aarch64-linux-android/4.9.x/include"]
  ignore line: [ignoring nonexistent directory "/Users/staff/Documents/worksoft/android-ndk-r13/platforms/android-21/arch-arm64/usr/local/include"]
  ignore line: [ignoring duplicate directory "/Users/staff/Documents/worksoft/android-ndk-r13/toolchains/aarch64-linux-android-4.9/prebuilt/darwin-x86_64/bin/../lib/gcc/../../lib/gcc/aarch64-linux-android/4.9.x/include-fixed"]
  ignore line: [ignoring nonexistent directory "/Users/staff/Documents/worksoft/android-ndk-r13/toolchains/aarch64-linux-android-4.9/prebuilt/darwin-x86_64/bin/../lib/gcc/../../lib/gcc/aarch64-linux-android/4.9.x/../../../../aarch64-linux-android/include"]
  ignore line: [ignoring nonexistent directory "/Users/staff/Documents/cocos2dxlib/cocos2d-x-3rd-party-libs-src/contrib/install-android/arm64/include"]
  ignore line: [#include "..." search starts here:]
  ignore line: [#include <...> search starts here:]
  ignore line: [ /Users/staff/Documents/worksoft/android-ndk-r13/toolchains/aarch64-linux-android-4.9/prebuilt/darwin-x86_64/bin/../lib/gcc/aarch64-linux-android/4.9.x/include]
  ignore line: [ /Users/staff/Documents/worksoft/android-ndk-r13/toolchains/aarch64-linux-android-4.9/prebuilt/darwin-x86_64/bin/../lib/gcc/aarch64-linux-android/4.9.x/include-fixed]
  ignore line: [ /Users/staff/Documents/worksoft/android-ndk-r13/platforms/android-21/arch-arm64/usr/include]
  ignore line: [End of search list.]
  ignore line: [GNU C (GCC) version 4.9.x 20150123 (prerelease) (aarch64-linux-android)]
  ignore line: [	compiled by GNU C version 4.2.1 (Apple Inc. build 5666) (dot 3)  GMP version 5.0.5  MPFR version 3.1.1  MPC version 1.0.1]
  ignore line: [GGC heuristics: --param ggc-min-expand=100 --param ggc-min-heapsize=131072]
  ignore line: [Compiler executable checksum: a656523662424c843d47e6c6b3fc711b]
  ignore line: [COLLECT_GCC_OPTIONS='-ffunction-sections' '-funwind-tables' '-fstack-protector' '-I' '/Users/staff/Documents/cocos2dxlib/cocos2d-x-3rd-party-libs-src/contrib/install-android/arm64/include' '-O3' '-D' 'NDEBUG' '-fPIC' '-v' '-o' 'CMakeFiles/cmTC_19a23.dir/CMakeCCompilerABI.c.o' '-c' '-mlittle-endian' '-mabi=lp64']
  ignore line: [ /Users/staff/Documents/worksoft/android-ndk-r13/toolchains/aarch64-linux-android-4.9/prebuilt/darwin-x86_64/bin/../lib/gcc/aarch64-linux-android/4.9.x/../../../../aarch64-linux-android/bin/as -v -I /Users/staff/Documents/cocos2dxlib/cocos2d-x-3rd-party-libs-src/contrib/install-android/arm64/include -EL -mabi=lp64 -o CMakeFiles/cmTC_19a23.dir/CMakeCCompilerABI.c.o /var/folders/9y/g4jd7b0j2v567f391nk644800000gn/T//ccHX9uKB.s]
  ignore line: [GNU assembler version 2.25.51 (aarch64-linux-android) using BFD version (binutils-2.25-0666073) 2.25.51.20141117]
  ignore line: [COMPILER_PATH=/Users/staff/Documents/worksoft/android-ndk-r13/toolchains/aarch64-linux-android-4.9/prebuilt/darwin-x86_64/bin/../libexec/gcc/aarch64-linux-android/4.9.x/:/Users/staff/Documents/worksoft/android-ndk-r13/toolchains/aarch64-linux-android-4.9/prebuilt/darwin-x86_64/bin/../libexec/gcc/:/Users/staff/Documents/worksoft/android-ndk-r13/toolchains/aarch64-linux-android-4.9/prebuilt/darwin-x86_64/bin/../lib/gcc/aarch64-linux-android/4.9.x/../../../../aarch64-linux-android/bin/]
  ignore line: [LIBRARY_PATH=/Users/staff/Documents/worksoft/android-ndk-r13/toolchains/aarch64-linux-android-4.9/prebuilt/darwin-x86_64/bin/../lib/gcc/aarch64-linux-android/4.9.x/:/Users/staff/Documents/worksoft/android-ndk-r13/toolchains/aarch64-linux-android-4.9/prebuilt/darwin-x86_64/bin/../lib/gcc/:/Users/staff/Documents/worksoft/android-ndk-r13/toolchains/aarch64-linux-android-4.9/prebuilt/darwin-x86_64/bin/../lib/gcc/aarch64-linux-android/4.9.x/../../../../aarch64-linux-android/lib/../lib64/:/Users/staff/Documents/worksoft/android-ndk-r13/toolchains/aarch64-linux-android-4.9/prebuilt/darwin-x86_64/bin/../lib/gcc/aarch64-linux-android/4.9.x/../../../../aarch64-linux-android/lib/:/Users/staff/Documents/worksoft/android-ndk-r13/platforms/android-21/arch-arm64/usr/lib/]
  ignore line: [COLLECT_GCC_OPTIONS='-ffunction-sections' '-funwind-tables' '-fstack-protector' '-I' '/Users/staff/Documents/cocos2dxlib/cocos2d-x-3rd-party-libs-src/contrib/install-android/arm64/include' '-O3' '-D' 'NDEBUG' '-fPIC' '-v' '-o' 'CMakeFiles/cmTC_19a23.dir/CMakeCCompilerABI.c.o' '-c' '-mlittle-endian' '-mabi=lp64']
  ignore line: [Linking C executable cmTC_19a23]
  ignore line: [/usr/local/Cellar/cmake/3.21.4/bin/cmake -E cmake_link_script CMakeFiles/cmTC_19a23.dir/link.txt --verbose=1]
  ignore line: [/Users/staff/Documents/worksoft/android-ndk-r13/toolchains/aarch64-linux-android-4.9/prebuilt/darwin-x86_64/bin/aarch64-linux-android-gcc --sysroot=/Users/staff/Documents/worksoft/android-ndk-r13/platforms/android-21/arch-arm64 -fpic -ffunction-sections  -funwind-tables  -fstack-protector  -no-canonical-prefixes -I/Users/staff/Documents/cocos2dxlib/cocos2d-x-3rd-party-libs-src/contrib/install-android/arm64/include -O3 -DNDEBUG -fPIC  -no-canonical-prefixes -L/Users/staff/Documents/cocos2dxlib/cocos2d-x-3rd-party-libs-src/contrib/install-android/arm64/lib -v -rdynamic CMakeFiles/cmTC_19a23.dir/CMakeCCompilerABI.c.o -o cmTC_19a23 ]
  ignore line: [Using built-in specs.]
  ignore line: [COLLECT_GCC=/Users/staff/Documents/worksoft/android-ndk-r13/toolchains/aarch64-linux-android-4.9/prebuilt/darwin-x86_64/bin/aarch64-linux-android-gcc]
  ignore line: [COLLECT_LTO_WRAPPER=/Users/staff/Documents/worksoft/android-ndk-r13/toolchains/aarch64-linux-android-4.9/prebuilt/darwin-x86_64/bin/../libexec/gcc/aarch64-linux-android/4.9.x/lto-wrapper]
  ignore line: [Target: aarch64-linux-android]
  ignore line: [Configured with: /Volumes/Android/buildbot/src/android/gcc/toolchain/build/../gcc/gcc-4.9/configure --prefix=/tmp/118a072655ec599826c2fad30bdf4c73 --target=aarch64-linux-android --host=x86_64-apple-darwin --build=x86_64-apple-darwin --with-gnu-as --with-gnu-ld --enable-languages=c,c++ --with-gmp=/buildbot/tmp/build/toolchain/temp-install --with-mpfr=/buildbot/tmp/build/toolchain/temp-install --with-mpc=/buildbot/tmp/build/toolchain/temp-install --with-cloog=/buildbot/tmp/build/toolchain/temp-install --with-isl=/buildbot/tmp/build/toolchain/temp-install --with-ppl=/buildbot/tmp/build/toolchain/temp-install --disable-ppl-version-check --disable-cloog-version-check --disable-isl-version-check --enable-cloog-backend=isl --with-host-libstdcxx='-static-libgcc -lstdc++ -lm' --disable-libssp --enable-threads --disable-nls --disable-libmudflap --disable-libgomp --disable-libstdc__-v3 --disable-sjlj-exceptions --disable-shared --disable-tls --disable-libitm --enable-bionic-libs --enable-libatomic-ifuncs=no --enable-initfini-array --disable-nls --prefix=/tmp/118a072655ec599826c2fad30bdf4c73 --with-sysroot=/tmp/118a072655ec599826c2fad30bdf4c73/sysroot --with-binutils-version=2.25 --with-mpfr-version=3.1.1 --with-mpc-version=1.0.1 --with-gmp-version=5.0.5 --with-gcc-version=4.9 --with-gdb-version=none --with-gxx-include-dir=/tmp/118a072655ec599826c2fad30bdf4c73/include/c++/4.9.x --with-bugurl=http://source.android.com/source/report-bugs.html --enable-languages=c,c++ --disable-bootstrap --enable-plugins --enable-libgomp --enable-gnu-indirect-function --disable-libsanitizer --enable-gold --enable-ld=default --enable-threads --enable-eh-frame-hdr-for-static --enable-fix-cortex-a53-835769 --enable-graphite=yes --with-isl-version=0.11.1 --with-cloog-version=0.18.0 --program-transform-name='s&^&aarch64-linux-android-&' --enable-gold]
  ignore line: [Thread model: posix]
  ignore line: [gcc version 4.9.x 20150123 (prerelease) (GCC) ]
  ignore line: [COMPILER_PATH=/Users/staff/Documents/worksoft/android-ndk-r13/toolchains/aarch64-linux-android-4.9/prebuilt/darwin-x86_64/bin/../libexec/gcc/aarch64-linux-android/4.9.x/:/Users/staff/Documents/worksoft/android-ndk-r13/toolchains/aarch64-linux-android-4.9/prebuilt/darwin-x86_64/bin/../libexec/gcc/:/Users/staff/Documents/worksoft/android-ndk-r13/toolchains/aarch64-linux-android-4.9/prebuilt/darwin-x86_64/bin/../lib/gcc/aarch64-linux-android/4.9.x/../../../../aarch64-linux-android/bin/]
  ignore line: [LIBRARY_PATH=/Users/staff/Documents/worksoft/android-ndk-r13/toolchains/aarch64-linux-android-4.9/prebuilt/darwin-x86_64/bin/../lib/gcc/aarch64-linux-android/4.9.x/:/Users/staff/Documents/worksoft/android-ndk-r13/toolchains/aarch64-linux-android-4.9/prebuilt/darwin-x86_64/bin/../lib/gcc/:/Users/staff/Documents/worksoft/android-ndk-r13/toolchains/aarch64-linux-android-4.9/prebuilt/darwin-x86_64/bin/../lib/gcc/aarch64-linux-android/4.9.x/../../../../aarch64-linux-android/lib/../lib64/:/Users/staff/Documents/worksoft/android-ndk-r13/toolchains/aarch64-linux-android-4.9/prebuilt/darwin-x86_64/bin/../lib/gcc/aarch64-linux-android/4.9.x/../../../../aarch64-linux-android/lib/:/Users/staff/Documents/worksoft/android-ndk-r13/platforms/android-21/arch-arm64/usr/lib/]
  ignore line: [COLLECT_GCC_OPTIONS='-ffunction-sections' '-funwind-tables' '-fstack-protector' '-I' '/Users/staff/Documents/cocos2dxlib/cocos2d-x-3rd-party-libs-src/contrib/install-android/arm64/include' '-O3' '-D' 'NDEBUG' '-fPIC' '-L/Users/staff/Documents/cocos2dxlib/cocos2d-x-3rd-party-libs-src/contrib/install-android/arm64/lib' '-v' '-rdynamic' '-o' 'cmTC_19a23' '-mlittle-endian' '-mabi=lp64']
  link line: [ /Users/staff/Documents/worksoft/android-ndk-r13/toolchains/aarch64-linux-android-4.9/prebuilt/darwin-x86_64/bin/../libexec/gcc/aarch64-linux-android/4.9.x/collect2 -plugin /Users/staff/Documents/worksoft/android-ndk-r13/toolchains/aarch64-linux-android-4.9/prebuilt/darwin-x86_64/bin/../libexec/gcc/aarch64-linux-android/4.9.x/liblto_plugin.so -plugin-opt=/Users/staff/Documents/worksoft/android-ndk-r13/toolchains/aarch64-linux-android-4.9/prebuilt/darwin-x86_64/bin/../libexec/gcc/aarch64-linux-android/4.9.x/lto-wrapper -plugin-opt=-fresolution=/var/folders/9y/g4jd7b0j2v567f391nk644800000gn/T//ccQjnZtQ.res -plugin-opt=-pass-through=-lgcc -plugin-opt=-pass-through=-lc -plugin-opt=-pass-through=-ldl -plugin-opt=-pass-through=-lgcc --sysroot=/Users/staff/Documents/worksoft/android-ndk-r13/platforms/android-21/arch-arm64 --eh-frame-hdr -export-dynamic -dynamic-linker /system/bin/linker64 -X -EL -maarch64linux --fix-cortex-a53-835769 --fix-cortex-a53-843419 -z noexecstack -z relro -z now -o cmTC_19a23 /Users/staff/Documents/worksoft/android-ndk-r13/platforms/android-21/arch-arm64/usr/lib/crtbegin_dynamic.o -L/Users/staff/Documents/cocos2dxlib/cocos2d-x-3rd-party-libs-src/contrib/install-android/arm64/lib -L/Users/staff/Documents/worksoft/android-ndk-r13/toolchains/aarch64-linux-android-4.9/prebuilt/darwin-x86_64/bin/../lib/gcc/aarch64-linux-android/4.9.x -L/Users/staff/Documents/worksoft/android-ndk-r13/toolchains/aarch64-linux-android-4.9/prebuilt/darwin-x86_64/bin/../lib/gcc -L/Users/staff/Documents/worksoft/android-ndk-r13/toolchains/aarch64-linux-android-4.9/prebuilt/darwin-x86_64/bin/../lib/gcc/aarch64-linux-android/4.9.x/../../../../aarch64-linux-android/lib/../lib64 -L/Users/staff/Documents/worksoft/android-ndk-r13/toolchains/aarch64-linux-android-4.9/prebuilt/darwin-x86_64/bin/../lib/gcc/aarch64-linux-android/4.9.x/../../../../aarch64-linux-android/lib -L/Users/staff/Documents/worksoft/android-ndk-r13/platforms/android-21/arch-arm64/usr/lib CMakeFiles/cmTC_19a23.dir/CMakeCCompilerABI.c.o -lgcc -lc -ldl -lgcc /Users/staff/Documents/worksoft/android-ndk-r13/platforms/android-21/arch-arm64/usr/lib/crtend_android.o]
    arg [/Users/staff/Documents/worksoft/android-ndk-r13/toolchains/aarch64-linux-android-4.9/prebuilt/darwin-x86_64/bin/../libexec/gcc/aarch64-linux-android/4.9.x/collect2] ==> ignore
    arg [-plugin] ==> ignore
    arg [/Users/staff/Documents/worksoft/android-ndk-r13/toolchains/aarch64-linux-android-4.9/prebuilt/darwin-x86_64/bin/../libexec/gcc/aarch64-linux-android/4.9.x/liblto_plugin.so] ==> ignore
    arg [-plugin-opt=/Users/staff/Documents/worksoft/android-ndk-r13/toolchains/aarch64-linux-android-4.9/prebuilt/darwin-x86_64/bin/../libexec/gcc/aarch64-linux-android/4.9.x/lto-wrapper] ==> ignore
    arg [-plugin-opt=-fresolution=/var/folders/9y/g4jd7b0j2v567f391nk644800000gn/T//ccQjnZtQ.res] ==> ignore
    arg [-plugin-opt=-pass-through=-lgcc] ==> ignore
    arg [-plugin-opt=-pass-through=-lc] ==> ignore
    arg [-plugin-opt=-pass-through=-ldl] ==> ignore
    arg [-plugin-opt=-pass-through=-lgcc] ==> ignore
    arg [--sysroot=/Users/staff/Documents/worksoft/android-ndk-r13/platforms/android-21/arch-arm64] ==> ignore
    arg [--eh-frame-hdr] ==> ignore
    arg [-export-dynamic] ==> ignore
    arg [-dynamic-linker] ==> ignore
    arg [/system/bin/linker64] ==> ignore
    arg [-X] ==> ignore
    arg [-EL] ==> ignore
    arg [-maarch64linux] ==> ignore
    arg [--fix-cortex-a53-835769] ==> ignore
    arg [--fix-cortex-a53-843419] ==> ignore
    arg [-znoexecstack] ==> ignore
    arg [-zrelro] ==> ignore
    arg [-znow] ==> ignore
    arg [-o] ==> ignore
    arg [cmTC_19a23] ==> ignore
    arg [/Users/staff/Documents/worksoft/android-ndk-r13/platforms/android-21/arch-arm64/usr/lib/crtbegin_dynamic.o] ==> obj [/Users/staff/Documents/worksoft/android-ndk-r13/platforms/android-21/arch-arm64/usr/lib/crtbegin_dynamic.o]
    arg [-L/Users/staff/Documents/cocos2dxlib/cocos2d-x-3rd-party-libs-src/contrib/install-android/arm64/lib] ==> dir [/Users/staff/Documents/cocos2dxlib/cocos2d-x-3rd-party-libs-src/contrib/install-android/arm64/lib]
    arg [-L/Users/staff/Documents/worksoft/android-ndk-r13/toolchains/aarch64-linux-android-4.9/prebuilt/darwin-x86_64/bin/../lib/gcc/aarch64-linux-android/4.9.x] ==> dir [/Users/staff/Documents/worksoft/android-ndk-r13/toolchains/aarch64-linux-android-4.9/prebuilt/darwin-x86_64/bin/../lib/gcc/aarch64-linux-android/4.9.x]
    arg [-L/Users/staff/Documents/worksoft/android-ndk-r13/toolchains/aarch64-linux-android-4.9/prebuilt/darwin-x86_64/bin/../lib/gcc] ==> dir [/Users/staff/Documents/worksoft/android-ndk-r13/toolchains/aarch64-linux-android-4.9/prebuilt/darwin-x86_64/bin/../lib/gcc]
    arg [-L/Users/staff/Documents/worksoft/android-ndk-r13/toolchains/aarch64-linux-android-4.9/prebuilt/darwin-x86_64/bin/../lib/gcc/aarch64-linux-android/4.9.x/../../../../aarch64-linux-android/lib/../lib64] ==> dir [/Users/staff/Documents/worksoft/android-ndk-r13/toolchains/aarch64-linux-android-4.9/prebuilt/darwin-x86_64/bin/../lib/gcc/aarch64-linux-android/4.9.x/../../../../aarch64-linux-android/lib/../lib64]
    arg [-L/Users/staff/Documents/worksoft/android-ndk-r13/toolchains/aarch64-linux-android-4.9/prebuilt/darwin-x86_64/bin/../lib/gcc/aarch64-linux-android/4.9.x/../../../../aarch64-linux-android/lib] ==> dir [/Users/staff/Documents/worksoft/android-ndk-r13/toolchains/aarch64-linux-android-4.9/prebuilt/darwin-x86_64/bin/../lib/gcc/aarch64-linux-android/4.9.x/../../../../aarch64-linux-android/lib]
    arg [-L/Users/staff/Documents/worksoft/android-ndk-r13/platforms/android-21/arch-arm64/usr/lib] ==> dir [/Users/staff/Documents/worksoft/android-ndk-r13/platforms/android-21/arch-arm64/usr/lib]
    arg [CMakeFiles/cmTC_19a23.dir/CMakeCCompilerABI.c.o] ==> ignore
    arg [-lgcc] ==> lib [gcc]
    arg [-lc] ==> lib [c]
    arg [-ldl] ==> lib [dl]
    arg [-lgcc] ==> lib [gcc]
    arg [/Users/staff/Documents/worksoft/android-ndk-r13/platforms/android-21/arch-arm64/usr/lib/crtend_android.o] ==> obj [/Users/staff/Documents/worksoft/android-ndk-r13/platforms/android-21/arch-arm64/usr/lib/crtend_android.o]
  collapse library dir [/Users/staff/Documents/cocos2dxlib/cocos2d-x-3rd-party-libs-src/contrib/install-android/arm64/lib] ==> [/Users/staff/Documents/cocos2dxlib/cocos2d-x-3rd-party-libs-src/contrib/install-android/arm64/lib]
  collapse library dir [/Users/staff/Documents/worksoft/android-ndk-r13/toolchains/aarch64-linux-android-4.9/prebuilt/darwin-x86_64/bin/../lib/gcc/aarch64-linux-android/4.9.x] ==> [/Users/staff/Documents/worksoft/android-ndk-r13/toolchains/aarch64-linux-android-4.9/prebuilt/darwin-x86_64/lib/gcc/aarch64-linux-android/4.9.x]
  collapse library dir [/Users/staff/Documents/worksoft/android-ndk-r13/toolchains/aarch64-linux-android-4.9/prebuilt/darwin-x86_64/bin/../lib/gcc] ==> [/Users/staff/Documents/worksoft/android-ndk-r13/toolchains/aarch64-linux-android-4.9/prebuilt/darwin-x86_64/lib/gcc]
  collapse library dir [/Users/staff/Documents/worksoft/android-ndk-r13/toolchains/aarch64-linux-android-4.9/prebuilt/darwin-x86_64/bin/../lib/gcc/aarch64-linux-android/4.9.x/../../../../aarch64-linux-android/lib/../lib64] ==> [/Users/staff/Documents/worksoft/android-ndk-r13/toolchains/aarch64-linux-android-4.9/prebuilt/darwin-x86_64/aarch64-linux-android/lib64]
  collapse library dir [/Users/staff/Documents/worksoft/android-ndk-r13/toolchains/aarch64-linux-android-4.9/prebuilt/darwin-x86_64/bin/../lib/gcc/aarch64-linux-android/4.9.x/../../../../aarch64-linux-android/lib] ==> [/Users/staff/Documents/worksoft/android-ndk-r13/toolchains/aarch64-linux-android-4.9/prebuilt/darwin-x86_64/aarch64-linux-android/lib]
  collapse library dir [/Users/staff/Documents/worksoft/android-ndk-r13/platforms/android-21/arch-arm64/usr/lib] ==> [/Users/staff/Documents/worksoft/android-ndk-r13/platforms/android-21/arch-arm64/usr/lib]
  implicit libs: [gcc;c;dl;gcc]
  implicit objs: [/Users/staff/Documents/worksoft/android-ndk-r13/platforms/android-21/arch-arm64/usr/lib/crtbegin_dynamic.o;/Users/staff/Documents/worksoft/android-ndk-r13/platforms/android-21/arch-arm64/usr/lib/crtend_android.o]
  implicit dirs: [/Users/staff/Documents/cocos2dxlib/cocos2d-x-3rd-party-libs-src/contrib/install-android/arm64/lib;/Users/staff/Documents/worksoft/android-ndk-r13/toolchains/aarch64-linux-android-4.9/prebuilt/darwin-x86_64/lib/gcc/aarch64-linux-android/4.9.x;/Users/staff/Documents/worksoft/android-ndk-r13/toolchains/aarch64-linux-android-4.9/prebuilt/darwin-x86_64/lib/gcc;/Users/staff/Documents/worksoft/android-ndk-r13/toolchains/aarch64-linux-android-4.9/prebuilt/darwin-x86_64/aarch64-linux-android/lib64;/Users/staff/Documents/worksoft/android-ndk-r13/toolchains/aarch64-linux-android-4.9/prebuilt/darwin-x86_64/aarch64-linux-android/lib;/Users/staff/Documents/worksoft/android-ndk-r13/platforms/android-21/arch-arm64/usr/lib]
  implicit fwks: []


Detecting CXX compiler ABI info compiled with the following output:
Change Dir: /Users/staff/Documents/cocos2dxlib/cocos2d-x-3rd-party-libs-src/contrib/android-arm64/chipmunk/CMakeFiles/CMakeTmp

Run Build Command(s):/usr/bin/make -f Makefile cmTC_1699a/fast && /Applications/Xcode.app/Contents/Developer/usr/bin/make  -f CMakeFiles/cmTC_1699a.dir/build.make CMakeFiles/cmTC_1699a.dir/build
Building CXX object CMakeFiles/cmTC_1699a.dir/CMakeCXXCompilerABI.cpp.o
/Users/staff/Documents/worksoft/android-ndk-r13/toolchains/aarch64-linux-android-4.9/prebuilt/darwin-x86_64/bin/aarch64-linux-android-g++ --sysroot=/Users/staff/Documents/worksoft/android-ndk-r13/platforms/android-21/arch-arm64   -fpic -ffunction-sections  -funwind-tables  -fstack-protector  -no-canonical-prefixes -I/Users/staff/Documents/cocos2dxlib/cocos2d-x-3rd-party-libs-src/contrib/install-android/arm64/include -O3 -DNDEBUG -fPIC    -v -o CMakeFiles/cmTC_1699a.dir/CMakeCXXCompilerABI.cpp.o -c /usr/local/Cellar/cmake/3.21.4/share/cmake/Modules/CMakeCXXCompilerABI.cpp
Using built-in specs.
COLLECT_GCC=/Users/staff/Documents/worksoft/android-ndk-r13/toolchains/aarch64-linux-android-4.9/prebuilt/darwin-x86_64/bin/aarch64-linux-android-g++
Target: aarch64-linux-android
Configured with: /Volumes/Android/buildbot/src/android/gcc/toolchain/build/../gcc/gcc-4.9/configure --prefix=/tmp/118a072655ec599826c2fad30bdf4c73 --target=aarch64-linux-android --host=x86_64-apple-darwin --build=x86_64-apple-darwin --with-gnu-as --with-gnu-ld --enable-languages=c,c++ --with-gmp=/buildbot/tmp/build/toolchain/temp-install --with-mpfr=/buildbot/tmp/build/toolchain/temp-install --with-mpc=/buildbot/tmp/build/toolchain/temp-install --with-cloog=/buildbot/tmp/build/toolchain/temp-install --with-isl=/buildbot/tmp/build/toolchain/temp-install --with-ppl=/buildbot/tmp/build/toolchain/temp-install --disable-ppl-version-check --disable-cloog-version-check --disable-isl-version-check --enable-cloog-backend=isl --with-host-libstdcxx='-static-libgcc -lstdc++ -lm' --disable-libssp --enable-threads --disable-nls --disable-libmudflap --disable-libgomp --disable-libstdc__-v3 --disable-sjlj-exceptions --disable-shared --disable-tls --disable-libitm --enable-bionic-libs --enable-libatomic-ifuncs=no --enable-initfini-array --disable-nls --prefix=/tmp/118a072655ec599826c2fad30bdf4c73 --with-sysroot=/tmp/118a072655ec599826c2fad30bdf4c73/sysroot --with-binutils-version=2.25 --with-mpfr-version=3.1.1 --with-mpc-version=1.0.1 --with-gmp-version=5.0.5 --with-gcc-version=4.9 --with-gdb-version=none --with-gxx-include-dir=/tmp/118a072655ec599826c2fad30bdf4c73/include/c++/4.9.x --with-bugurl=http://source.android.com/source/report-bugs.html --enable-languages=c,c++ --disable-bootstrap --enable-plugins --enable-libgomp --enable-gnu-indirect-function --disable-libsanitizer --enable-gold --enable-ld=default --enable-threads --enable-eh-frame-hdr-for-static --enable-fix-cortex-a53-835769 --enable-graphite=yes --with-isl-version=0.11.1 --with-cloog-version=0.18.0 --program-transform-name='s&^&aarch64-linux-android-&' --enable-gold
Thread model: posix
gcc version 4.9.x 20150123 (prerelease) (GCC) 
COLLECT_GCC_OPTIONS='-ffunction-sections' '-funwind-tables' '-fstack-protector' '-I' '/Users/staff/Documents/cocos2dxlib/cocos2d-x-3rd-party-libs-src/contrib/install-android/arm64/include' '-O3' '-D' 'NDEBUG' '-fPIC' '-v' '-o' 'CMakeFiles/cmTC_1699a.dir/CMakeCXXCompilerABI.cpp.o' '-c' '-mlittle-endian' '-mabi=lp64'
 /Users/staff/Documents/worksoft/android-ndk-r13/toolchains/aarch64-linux-android-4.9/prebuilt/darwin-x86_64/bin/../libexec/gcc/aarch64-linux-android/4.9.x/cc1plus -quiet -v -I /Users/staff/Documents/cocos2dxlib/cocos2d-x-3rd-party-libs-src/contrib/install-android/arm64/include -iprefix /Users/staff/Documents/worksoft/android-ndk-r13/toolchains/aarch64-linux-android-4.9/prebuilt/darwin-x86_64/bin/../lib/gcc/aarch64-linux-android/4.9.x/ -isysroot /Users/staff/Documents/worksoft/android-ndk-r13/platforms/android-21/arch-arm64 -D_GNU_SOURCE -D NDEBUG /usr/local/Cellar/cmake/3.21.4/share/cmake/Modules/CMakeCXXCompilerABI.cpp -mbionic -quiet -dumpbase CMakeCXXCompilerABI.cpp -mlittle-endian -mabi=lp64 -auxbase-strip CMakeFiles/cmTC_1699a.dir/CMakeCXXCompilerABI.cpp.o -O3 -version -ffunction-sections -funwind-tables -fstack-protector -fPIC -fexceptions -frtti -o /var/folders/9y/g4jd7b0j2v567f391nk644800000gn/T//ccQHDAeg.s
GNU C++ (GCC) version 4.9.x 20150123 (prerelease) (aarch64-linux-android)
	compiled by GNU C version 4.2.1 (Apple Inc. build 5666) (dot 3), GMP version 5.0.5, MPFR version 3.1.1, MPC version 1.0.1
GGC heuristics: --param ggc-min-expand=100 --param ggc-min-heapsize=131072
ignoring nonexistent directory "/Users/staff/Documents/worksoft/android-ndk-r13/toolchains/aarch64-linux-android-4.9/prebuilt/darwin-x86_64/bin/../lib/gcc/aarch64-linux-android/4.9.x/../../../../aarch64-linux-android/include"
ignoring nonexistent directory "/Users/staff/Documents/worksoft/android-ndk-r13/toolchains/aarch64-linux-android-4.9/prebuilt/darwin-x86_64/bin/../lib/gcc/../../include/c++/4.9.x"
ignoring nonexistent directory "/Users/staff/Documents/worksoft/android-ndk-r13/toolchains/aarch64-linux-android-4.9/prebuilt/darwin-x86_64/bin/../lib/gcc/../../include/c++/4.9.x/aarch64-linux-android"
ignoring nonexistent directory "/Users/staff/Documents/worksoft/android-ndk-r13/toolchains/aarch64-linux-android-4.9/prebuilt/darwin-x86_64/bin/../lib/gcc/../../include/c++/4.9.x/backward"
ignoring duplicate directory "/Users/staff/Documents/worksoft/android-ndk-r13/toolchains/aarch64-linux-android-4.9/prebuilt/darwin-x86_64/bin/../lib/gcc/../../lib/gcc/aarch64-linux-android/4.9.x/include"
ignoring nonexistent directory "/Users/staff/Documents/worksoft/android-ndk-r13/platforms/android-21/arch-arm64/usr/local/include"
ignoring duplicate directory "/Users/staff/Documents/worksoft/android-ndk-r13/toolchains/aarch64-linux-android-4.9/prebuilt/darwin-x86_64/bin/../lib/gcc/../../lib/gcc/aarch64-linux-android/4.9.x/include-fixed"
ignoring nonexistent directory "/Users/staff/Documents/worksoft/android-ndk-r13/toolchains/aarch64-linux-android-4.9/prebuilt/darwin-x86_64/bin/../lib/gcc/../../lib/gcc/aarch64-linux-android/4.9.x/../../../../aarch64-linux-android/include"
ignoring nonexistent directory "/Users/staff/Documents/cocos2dxlib/cocos2d-x-3rd-party-libs-src/contrib/install-android/arm64/include"
#include "..." search starts here:
#include <...> search starts here:
 /Users/staff/Documents/worksoft/android-ndk-r13/toolchains/aarch64-linux-android-4.9/prebuilt/darwin-x86_64/bin/../lib/gcc/aarch64-linux-android/4.9.x/include
 /Users/staff/Documents/worksoft/android-ndk-r13/toolchains/aarch64-linux-android-4.9/prebuilt/darwin-x86_64/bin/../lib/gcc/aarch64-linux-android/4.9.x/include-fixed
 /Users/staff/Documents/worksoft/android-ndk-r13/platforms/android-21/arch-arm64/usr/include
End of search list.
GNU C++ (GCC) version 4.9.x 20150123 (prerelease) (aarch64-linux-android)
	compiled by GNU C version 4.2.1 (Apple Inc. build 5666) (dot 3), GMP version 5.0.5, MPFR version 3.1.1, MPC version 1.0.1
GGC heuristics: --param ggc-min-expand=100 --param ggc-min-heapsize=131072
Compiler executable checksum: 92ad7d5f294ad536324672eaa53eb004
COLLECT_GCC_OPTIONS='-ffunction-sections' '-funwind-tables' '-fstack-protector' '-I' '/Users/staff/Documents/cocos2dxlib/cocos2d-x-3rd-party-libs-src/contrib/install-android/arm64/include' '-O3' '-D' 'NDEBUG' '-fPIC' '-v' '-o' 'CMakeFiles/cmTC_1699a.dir/CMakeCXXCompilerABI.cpp.o' '-c' '-mlittle-endian' '-mabi=lp64'
 /Users/staff/Documents/worksoft/android-ndk-r13/toolchains/aarch64-linux-android-4.9/prebuilt/darwin-x86_64/bin/../lib/gcc/aarch64-linux-android/4.9.x/../../../../aarch64-linux-android/bin/as -v -I /Users/staff/Documents/cocos2dxlib/cocos2d-x-3rd-party-libs-src/contrib/install-android/arm64/include -EL -mabi=lp64 -o CMakeFiles/cmTC_1699a.dir/CMakeCXXCompilerABI.cpp.o /var/folders/9y/g4jd7b0j2v567f391nk644800000gn/T//ccQHDAeg.s
GNU assembler version 2.25.51 (aarch64-linux-android) using BFD version (binutils-2.25-0666073) 2.25.51.20141117
COMPILER_PATH=/Users/staff/Documents/worksoft/android-ndk-r13/toolchains/aarch64-linux-android-4.9/prebuilt/darwin-x86_64/bin/../libexec/gcc/aarch64-linux-android/4.9.x/:/Users/staff/Documents/worksoft/android-ndk-r13/toolchains/aarch64-linux-android-4.9/prebuilt/darwin-x86_64/bin/../libexec/gcc/:/Users/staff/Documents/worksoft/android-ndk-r13/toolchains/aarch64-linux-android-4.9/prebuilt/darwin-x86_64/bin/../lib/gcc/aarch64-linux-android/4.9.x/../../../../aarch64-linux-android/bin/
LIBRARY_PATH=/Users/staff/Documents/worksoft/android-ndk-r13/toolchains/aarch64-linux-android-4.9/prebuilt/darwin-x86_64/bin/../lib/gcc/aarch64-linux-android/4.9.x/:/Users/staff/Documents/worksoft/android-ndk-r13/toolchains/aarch64-linux-android-4.9/prebuilt/darwin-x86_64/bin/../lib/gcc/:/Users/staff/Documents/worksoft/android-ndk-r13/toolchains/aarch64-linux-android-4.9/prebuilt/darwin-x86_64/bin/../lib/gcc/aarch64-linux-android/4.9.x/../../../../aarch64-linux-android/lib/../lib64/:/Users/staff/Documents/worksoft/android-ndk-r13/toolchains/aarch64-linux-android-4.9/prebuilt/darwin-x86_64/bin/../lib/gcc/aarch64-linux-android/4.9.x/../../../../aarch64-linux-android/lib/:/Users/staff/Documents/worksoft/android-ndk-r13/platforms/android-21/arch-arm64/usr/lib/
COLLECT_GCC_OPTIONS='-ffunction-sections' '-funwind-tables' '-fstack-protector' '-I' '/Users/staff/Documents/cocos2dxlib/cocos2d-x-3rd-party-libs-src/contrib/install-android/arm64/include' '-O3' '-D' 'NDEBUG' '-fPIC' '-v' '-o' 'CMakeFiles/cmTC_1699a.dir/CMakeCXXCompilerABI.cpp.o' '-c' '-mlittle-endian' '-mabi=lp64'
Linking CXX executable cmTC_1699a
/usr/local/Cellar/cmake/3.21.4/bin/cmake -E cmake_link_script CMakeFiles/cmTC_1699a.dir/link.txt --verbose=1
/Users/staff/Documents/worksoft/android-ndk-r13/toolchains/aarch64-linux-android-4.9/prebuilt/darwin-x86_64/bin/aarch64-linux-android-g++ --sysroot=/Users/staff/Documents/worksoft/android-ndk-r13/platforms/android-21/arch-arm64 -fpic -ffunction-sections  -funwind-tables  -fstack-protector  -no-canonical-prefixes -I/Users/staff/Documents/cocos2dxlib/cocos2d-x-3rd-party-libs-src/contrib/install-android/arm64/include -O3 -DNDEBUG -fPIC  -no-canonical-prefixes -L/Users/staff/Documents/cocos2dxlib/cocos2d-x-3rd-party-libs-src/contrib/install-android/arm64/lib -v -rdynamic CMakeFiles/cmTC_1699a.dir/CMakeCXXCompilerABI.cpp.o -o cmTC_1699a 
Using built-in specs.
COLLECT_GCC=/Users/staff/Documents/worksoft/android-ndk-r13/toolchains/aarch64-linux-android-4.9/prebuilt/darwin-x86_64/bin/aarch64-linux-android-g++
COLLECT_LTO_WRAPPER=/Users/staff/Documents/worksoft/android-ndk-r13/toolchains/aarch64-linux-android-4.9/prebuilt/darwin-x86_64/bin/../libexec/gcc/aarch64-linux-android/4.9.x/lto-wrapper
Target: aarch64-linux-android
Configured with: /Volumes/Android/buildbot/src/android/gcc/toolchain/build/../gcc/gcc-4.9/configure --prefix=/tmp/118a072655ec599826c2fad30bdf4c73 --target=aarch64-linux-android --host=x86_64-apple-darwin --build=x86_64-apple-darwin --with-gnu-as --with-gnu-ld --enable-languages=c,c++ --with-gmp=/buildbot/tmp/build/toolchain/temp-install --with-mpfr=/buildbot/tmp/build/toolchain/temp-install --with-mpc=/buildbot/tmp/build/toolchain/temp-install --with-cloog=/buildbot/tmp/build/toolchain/temp-install --with-isl=/buildbot/tmp/build/toolchain/temp-install --with-ppl=/buildbot/tmp/build/toolchain/temp-install --disable-ppl-version-check --disable-cloog-version-check --disable-isl-version-check --enable-cloog-backend=isl --with-host-libstdcxx='-static-libgcc -lstdc++ -lm' --disable-libssp --enable-threads --disable-nls --disable-libmudflap --disable-libgomp --disable-libstdc__-v3 --disable-sjlj-exceptions --disable-shared --disable-tls --disable-libitm --enable-bionic-libs --enable-libatomic-ifuncs=no --enable-initfini-array --disable-nls --prefix=/tmp/118a072655ec599826c2fad30bdf4c73 --with-sysroot=/tmp/118a072655ec599826c2fad30bdf4c73/sysroot --with-binutils-version=2.25 --with-mpfr-version=3.1.1 --with-mpc-version=1.0.1 --with-gmp-version=5.0.5 --with-gcc-version=4.9 --with-gdb-version=none --with-gxx-include-dir=/tmp/118a072655ec599826c2fad30bdf4c73/include/c++/4.9.x --with-bugurl=http://source.android.com/source/report-bugs.html --enable-languages=c,c++ --disable-bootstrap --enable-plugins --enable-libgomp --enable-gnu-indirect-function --disable-libsanitizer --enable-gold --enable-ld=default --enable-threads --enable-eh-frame-hdr-for-static --enable-fix-cortex-a53-835769 --enable-graphite=yes --with-isl-version=0.11.1 --with-cloog-version=0.18.0 --program-transform-name='s&^&aarch64-linux-android-&' --enable-gold
Thread model: posix
gcc version 4.9.x 20150123 (prerelease) (GCC) 
COMPILER_PATH=/Users/staff/Documents/worksoft/android-ndk-r13/toolchains/aarch64-linux-android-4.9/prebuilt/darwin-x86_64/bin/../libexec/gcc/aarch64-linux-android/4.9.x/:/Users/staff/Documents/worksoft/android-ndk-r13/toolchains/aarch64-linux-android-4.9/prebuilt/darwin-x86_64/bin/../libexec/gcc/:/Users/staff/Documents/worksoft/android-ndk-r13/toolchains/aarch64-linux-android-4.9/prebuilt/darwin-x86_64/bin/../lib/gcc/aarch64-linux-android/4.9.x/../../../../aarch64-linux-android/bin/
LIBRARY_PATH=/Users/staff/Documents/worksoft/android-ndk-r13/toolchains/aarch64-linux-android-4.9/prebuilt/darwin-x86_64/bin/../lib/gcc/aarch64-linux-android/4.9.x/:/Users/staff/Documents/worksoft/android-ndk-r13/toolchains/aarch64-linux-android-4.9/prebuilt/darwin-x86_64/bin/../lib/gcc/:/Users/staff/Documents/worksoft/android-ndk-r13/toolchains/aarch64-linux-android-4.9/prebuilt/darwin-x86_64/bin/../lib/gcc/aarch64-linux-android/4.9.x/../../../../aarch64-linux-android/lib/../lib64/:/Users/staff/Documents/worksoft/android-ndk-r13/toolchains/aarch64-linux-android-4.9/prebuilt/darwin-x86_64/bin/../lib/gcc/aarch64-linux-android/4.9.x/../../../../aarch64-linux-android/lib/:/Users/staff/Documents/worksoft/android-ndk-r13/platforms/android-21/arch-arm64/usr/lib/
COLLECT_GCC_OPTIONS='-ffunction-sections' '-funwind-tables' '-fstack-protector' '-I' '/Users/staff/Documents/cocos2dxlib/cocos2d-x-3rd-party-libs-src/contrib/install-android/arm64/include' '-O3' '-D' 'NDEBUG' '-fPIC' '-L/Users/staff/Documents/cocos2dxlib/cocos2d-x-3rd-party-libs-src/contrib/install-android/arm64/lib' '-v' '-rdynamic' '-o' 'cmTC_1699a' '-mlittle-endian' '-mabi=lp64'
 /Users/staff/Documents/worksoft/android-ndk-r13/toolchains/aarch64-linux-android-4.9/prebuilt/darwin-x86_64/bin/../libexec/gcc/aarch64-linux-android/4.9.x/collect2 -plugin /Users/staff/Documents/worksoft/android-ndk-r13/toolchains/aarch64-linux-android-4.9/prebuilt/darwin-x86_64/bin/../libexec/gcc/aarch64-linux-android/4.9.x/liblto_plugin.so -plugin-opt=/Users/staff/Documents/worksoft/android-ndk-r13/toolchains/aarch64-linux-android-4.9/prebuilt/darwin-x86_64/bin/../libexec/gcc/aarch64-linux-android/4.9.x/lto-wrapper -plugin-opt=-fresolution=/var/folders/9y/g4jd7b0j2v567f391nk644800000gn/T//cclzJDrq.res -plugin-opt=-pass-through=-lgcc -plugin-opt=-pass-through=-lc -plugin-opt=-pass-through=-ldl -plugin-opt=-pass-through=-lgcc --sysroot=/Users/staff/Documents/worksoft/android-ndk-r13/platforms/android-21/arch-arm64 --eh-frame-hdr -export-dynamic -dynamic-linker /system/bin/linker64 -X -EL -maarch64linux --fix-cortex-a53-835769 --fix-cortex-a53-843419 -z noexecstack -z relro -z now -o cmTC_1699a /Users/staff/Documents/worksoft/android-ndk-r13/platforms/android-21/arch-arm64/usr/lib/crtbegin_dynamic.o -L/Users/staff/Documents/cocos2dxlib/cocos2d-x-3rd-party-libs-src/contrib/install-android/arm64/lib -L/Users/staff/Documents/worksoft/android-ndk-r13/toolchains/aarch64-linux-android-4.9/prebuilt/darwin-x86_64/bin/../lib/gcc/aarch64-linux-android/4.9.x -L/Users/staff/Documents/worksoft/android-ndk-r13/toolchains/aarch64-linux-android-4.9/prebuilt/darwin-x86_64/bin/../lib/gcc -L/Users/staff/Documents/worksoft/android-ndk-r13/toolchains/aarch64-linux-android-4.9/prebuilt/darwin-x86_64/bin/../lib/gcc/aarch64-linux-android/4.9.x/../../../../aarch64-linux-android/lib/../lib64 -L/Users/staff/Documents/worksoft/android-ndk-r13/toolchains/aarch64-linux-android-4.9/prebuilt/darwin-x86_64/bin/../lib/gcc/aarch64-linux-android/4.9.x/../../../../aarch64-linux-android/lib -L/Users/staff/Documents/worksoft/android-ndk-r13/platforms/android-21/arch-arm64/usr/lib CMakeFiles/cmTC_1699a.dir/CMakeCXXCompilerABI.cpp.o -lstdc++ -lm -lgcc -lc -ldl -lgcc /Users/staff/Documents/worksoft/android-ndk-r13/platforms/android-21/arch-arm64/usr/lib/crtend_android.o



Parsed CXX implicit include dir info from above output: rv=done
  found start of include info
  found start of implicit include info
    add: [/Users/staff/Documents/worksoft/android-ndk-r13/toolchains/aarch64-linux-android-4.9/prebuilt/darwin-x86_64/bin/../lib/gcc/aarch64-linux-android/4.9.x/include]
    add: [/Users/staff/Documents/worksoft/android-ndk-r13/toolchains/aarch64-linux-android-4.9/prebuilt/darwin-x86_64/bin/../lib/gcc/aarch64-linux-android/4.9.x/include-fixed]
    add: [/Users/staff/Documents/worksoft/android-ndk-r13/platforms/android-21/arch-arm64/usr/include]
  end of search list found
  collapse include dir [/Users/staff/Documents/worksoft/android-ndk-r13/toolchains/aarch64-linux-android-4.9/prebuilt/darwin-x86_64/bin/../lib/gcc/aarch64-linux-android/4.9.x/include] ==> [/Users/staff/Documents/worksoft/android-ndk-r13/toolchains/aarch64-linux-android-4.9/prebuilt/darwin-x86_64/lib/gcc/aarch64-linux-android/4.9.x/include]
  collapse include dir [/Users/staff/Documents/worksoft/android-ndk-r13/toolchains/aarch64-linux-android-4.9/prebuilt/darwin-x86_64/bin/../lib/gcc/aarch64-linux-android/4.9.x/include-fixed] ==> [/Users/staff/Documents/worksoft/android-ndk-r13/toolchains/aarch64-linux-android-4.9/prebuilt/darwin-x86_64/lib/gcc/aarch64-linux-android/4.9.x/include-fixed]
  collapse include dir [/Users/staff/Documents/worksoft/android-ndk-r13/platforms/android-21/arch-arm64/usr/include] ==> [/Users/staff/Documents/worksoft/android-ndk-r13/platforms/android-21/arch-arm64/usr/include]
  implicit include dirs: [/Users/staff/Documents/worksoft/android-ndk-r13/toolchains/aarch64-linux-android-4.9/prebuilt/darwin-x86_64/lib/gcc/aarch64-linux-android/4.9.x/include;/Users/staff/Documents/worksoft/android-ndk-r13/toolchains/aarch64-linux-android-4.9/prebuilt/darwin-x86_64/lib/gcc/aarch64-linux-android/4.9.x/include-fixed;/Users/staff/Documents/worksoft/android-ndk-r13/platforms/android-21/arch-arm64/usr/include]


Parsed CXX implicit link information from above output:
  link line regex: [^( *|.*[/\])(aarch64-linux-android-ld|CMAKE_LINK_STARTFILE-NOTFOUND|([^/\]+-)?ld|collect2)[^/\]*( |$)]
  ignore line: [Change Dir: /Users/staff/Documents/cocos2dxlib/cocos2d-x-3rd-party-libs-src/contrib/android-arm64/chipmunk/CMakeFiles/CMakeTmp]
  ignore line: []
  ignore line: [Run Build Command(s):/usr/bin/make -f Makefile cmTC_1699a/fast && /Applications/Xcode.app/Contents/Developer/usr/bin/make  -f CMakeFiles/cmTC_1699a.dir/build.make CMakeFiles/cmTC_1699a.dir/build]
  ignore line: [Building CXX object CMakeFiles/cmTC_1699a.dir/CMakeCXXCompilerABI.cpp.o]
  ignore line: [/Users/staff/Documents/worksoft/android-ndk-r13/toolchains/aarch64-linux-android-4.9/prebuilt/darwin-x86_64/bin/aarch64-linux-android-g++ --sysroot=/Users/staff/Documents/worksoft/android-ndk-r13/platforms/android-21/arch-arm64   -fpic -ffunction-sections  -funwind-tables  -fstack-protector  -no-canonical-prefixes -I/Users/staff/Documents/cocos2dxlib/cocos2d-x-3rd-party-libs-src/contrib/install-android/arm64/include -O3 -DNDEBUG -fPIC    -v -o CMakeFiles/cmTC_1699a.dir/CMakeCXXCompilerABI.cpp.o -c /usr/local/Cellar/cmake/3.21.4/share/cmake/Modules/CMakeCXXCompilerABI.cpp]
  ignore line: [Using built-in specs.]
  ignore line: [COLLECT_GCC=/Users/staff/Documents/worksoft/android-ndk-r13/toolchains/aarch64-linux-android-4.9/prebuilt/darwin-x86_64/bin/aarch64-linux-android-g++]
  ignore line: [Target: aarch64-linux-android]
  ignore line: [Configured with: /Volumes/Android/buildbot/src/android/gcc/toolchain/build/../gcc/gcc-4.9/configure --prefix=/tmp/118a072655ec599826c2fad30bdf4c73 --target=aarch64-linux-android --host=x86_64-apple-darwin --build=x86_64-apple-darwin --with-gnu-as --with-gnu-ld --enable-languages=c,c++ --with-gmp=/buildbot/tmp/build/toolchain/temp-install --with-mpfr=/buildbot/tmp/build/toolchain/temp-install --with-mpc=/buildbot/tmp/build/toolchain/temp-install --with-cloog=/buildbot/tmp/build/toolchain/temp-install --with-isl=/buildbot/tmp/build/toolchain/temp-install --with-ppl=/buildbot/tmp/build/toolchain/temp-install --disable-ppl-version-check --disable-cloog-version-check --disable-isl-version-check --enable-cloog-backend=isl --with-host-libstdcxx='-static-libgcc -lstdc++ -lm' --disable-libssp --enable-threads --disable-nls --disable-libmudflap --disable-libgomp --disable-libstdc__-v3 --disable-sjlj-exceptions --disable-shared --disable-tls --disable-libitm --enable-bionic-libs --enable-libatomic-ifuncs=no --enable-initfini-array --disable-nls --prefix=/tmp/118a072655ec599826c2fad30bdf4c73 --with-sysroot=/tmp/118a072655ec599826c2fad30bdf4c73/sysroot --with-binutils-version=2.25 --with-mpfr-version=3.1.1 --with-mpc-version=1.0.1 --with-gmp-version=5.0.5 --with-gcc-version=4.9 --with-gdb-version=none --with-gxx-include-dir=/tmp/118a072655ec599826c2fad30bdf4c73/include/c++/4.9.x --with-bugurl=http://source.android.com/source/report-bugs.html --enable-languages=c,c++ --disable-bootstrap --enable-plugins --enable-libgomp --enable-gnu-indirect-function --disable-libsanitizer --enable-gold --enable-ld=default --enable-threads --enable-eh-frame-hdr-for-static --enable-fix-cortex-a53-835769 --enable-graphite=yes --with-isl-version=0.11.1 --with-cloog-version=0.18.0 --program-transform-name='s&^&aarch64-linux-android-&' --enable-gold]
  ignore line: [Thread model: posix]
  ignore line: [gcc version 4.9.x 20150123 (prerelease) (GCC) ]
  ignore line: [COLLECT_GCC_OPTIONS='-ffunction-sections' '-funwind-tables' '-fstack-protector' '-I' '/Users/staff/Documents/cocos2dxlib/cocos2d-x-3rd-party-libs-src/contrib/install-android/arm64/include' '-O3' '-D' 'NDEBUG' '-fPIC' '-v' '-o' 'CMakeFiles/cmTC_1699a.dir/CMakeCXXCompilerABI.cpp.o' '-c' '-mlittle-endian' '-mabi=lp64']
  ignore line: [ /Users/staff/Documents/worksoft/android-ndk-r13/toolchains/aarch64-linux-android-4.9/prebuilt/darwin-x86_64/bin/../libexec/gcc/aarch64-linux-android/4.9.x/cc1plus -quiet -v -I /Users/staff/Documents/cocos2dxlib/cocos2d-x-3rd-party-libs-src/contrib/install-android/arm64/include -iprefix /Users/staff/Documents/worksoft/android-ndk-r13/toolchains/aarch64-linux-android-4.9/prebuilt/darwin-x86_64/bin/../lib/gcc/aarch64-linux-android/4.9.x/ -isysroot /Users/staff/Documents/worksoft/android-ndk-r13/platforms/android-21/arch-arm64 -D_GNU_SOURCE -D NDEBUG /usr/local/Cellar/cmake/3.21.4/share/cmake/Modules/CMakeCXXCompilerABI.cpp -mbionic -quiet -dumpbase CMakeCXXCompilerABI.cpp -mlittle-endian -mabi=lp64 -auxbase-strip CMakeFiles/cmTC_1699a.dir/CMakeCXXCompilerABI.cpp.o -O3 -version -ffunction-sections -funwind-tables -fstack-protector -fPIC -fexceptions -frtti -o /var/folders/9y/g4jd7b0j2v567f391nk644800000gn/T//ccQHDAeg.s]
  ignore line: [GNU C++ (GCC) version 4.9.x 20150123 (prerelease) (aarch64-linux-android)]
  ignore line: [	compiled by GNU C version 4.2.1 (Apple Inc. build 5666) (dot 3)  GMP version 5.0.5  MPFR version 3.1.1  MPC version 1.0.1]
  ignore line: [GGC heuristics: --param ggc-min-expand=100 --param ggc-min-heapsize=131072]
  ignore line: [ignoring nonexistent directory "/Users/staff/Documents/worksoft/android-ndk-r13/toolchains/aarch64-linux-android-4.9/prebuilt/darwin-x86_64/bin/../lib/gcc/aarch64-linux-android/4.9.x/../../../../aarch64-linux-android/include"]
  ignore line: [ignoring nonexistent directory "/Users/staff/Documents/worksoft/android-ndk-r13/toolchains/aarch64-linux-android-4.9/prebuilt/darwin-x86_64/bin/../lib/gcc/../../include/c++/4.9.x"]
  ignore line: [ignoring nonexistent directory "/Users/staff/Documents/worksoft/android-ndk-r13/toolchains/aarch64-linux-android-4.9/prebuilt/darwin-x86_64/bin/../lib/gcc/../../include/c++/4.9.x/aarch64-linux-android"]
  ignore line: [ignoring nonexistent directory "/Users/staff/Documents/worksoft/android-ndk-r13/toolchains/aarch64-linux-android-4.9/prebuilt/darwin-x86_64/bin/../lib/gcc/../../include/c++/4.9.x/backward"]
  ignore line: [ignoring duplicate directory "/Users/staff/Documents/worksoft/android-ndk-r13/toolchains/aarch64-linux-android-4.9/prebuilt/darwin-x86_64/bin/../lib/gcc/../../lib/gcc/aarch64-linux-android/4.9.x/include"]
  ignore line: [ignoring nonexistent directory "/Users/staff/Documents/worksoft/android-ndk-r13/platforms/android-21/arch-arm64/usr/local/include"]
  ignore line: [ignoring duplicate directory "/Users/staff/Documents/worksoft/android-ndk-r13/toolchains/aarch64-linux-android-4.9/prebuilt/darwin-x86_64/bin/../lib/gcc/../../lib/gcc/aarch64-linux-android/4.9.x/include-fixed"]
  ignore line: [ignoring nonexistent directory "/Users/staff/Documents/worksoft/android-ndk-r13/toolchains/aarch64-linux-android-4.9/prebuilt/darwin-x86_64/bin/../lib/gcc/../../lib/gcc/aarch64-linux-android/4.9.x/../../../../aarch64-linux-android/include"]
  ignore line: [ignoring nonexistent directory "/Users/staff/Documents/cocos2dxlib/cocos2d-x-3rd-party-libs-src/contrib/install-android/arm64/include"]
  ignore line: [#include "..." search starts here:]
  ignore line: [#include <...> search starts here:]
  ignore line: [ /Users/staff/Documents/worksoft/android-ndk-r13/toolchains/aarch64-linux-android-4.9/prebuilt/darwin-x86_64/bin/../lib/gcc/aarch64-linux-android/4.9.x/include]
  ignore line: [ /Users/staff/Documents/worksoft/android-ndk-r13/toolchains/aarch64-linux-android-4.9/prebuilt/darwin-x86_64/bin/../lib/gcc/aarch64-linux-android/4.9.x/include-fixed]
  ignore line: [ /Users/staff/Documents/worksoft/android-ndk-r13/platforms/android-21/arch-arm64/usr/include]
  ignore line: [End of search list.]
  ignore line: [GNU C++ (GCC) version 4.9.x 20150123 (prerelease) (aarch64-linux-android)]
  ignore line: [	compiled by GNU C version 4.2.1 (Apple Inc. build 5666) (dot 3)  GMP version 5.0.5  MPFR version 3.1.1  MPC version 1.0.1]
  ignore line: [GGC heuristics: --param ggc-min-expand=100 --param ggc-min-heapsize=131072]
  ignore line: [Compiler executable checksum: 92ad7d5f294ad536324672eaa53eb004]
  ignore line: [COLLECT_GCC_OPTIONS='-ffunction-sections' '-funwind-tables' '-fstack-protector' '-I' '/Users/staff/Documents/cocos2dxlib/cocos2d-x-3rd-party-libs-src/contrib/install-android/arm64/include' '-O3' '-D' 'NDEBUG' '-fPIC' '-v' '-o' 'CMakeFiles/cmTC_1699a.dir/CMakeCXXCompilerABI.cpp.o' '-c' '-mlittle-endian' '-mabi=lp64']
  ignore line: [ /Users/staff/Documents/worksoft/android-ndk-r13/toolchains/aarch64-linux-android-4.9/prebuilt/darwin-x86_64/bin/../lib/gcc/aarch64-linux-android/4.9.x/../../../../aarch64-linux-android/bin/as -v -I /Users/staff/Documents/cocos2dxlib/cocos2d-x-3rd-party-libs-src/contrib/install-android/arm64/include -EL -mabi=lp64 -o CMakeFiles/cmTC_1699a.dir/CMakeCXXCompilerABI.cpp.o /var/folders/9y/g4jd7b0j2v567f391nk644800000gn/T//ccQHDAeg.s]
  ignore line: [GNU assembler version 2.25.51 (aarch64-linux-android) using BFD version (binutils-2.25-0666073) 2.25.51.20141117]
  ignore line: [COMPILER_PATH=/Users/staff/Documents/worksoft/android-ndk-r13/toolchains/aarch64-linux-android-4.9/prebuilt/darwin-x86_64/bin/../libexec/gcc/aarch64-linux-android/4.9.x/:/Users/staff/Documents/worksoft/android-ndk-r13/toolchains/aarch64-linux-android-4.9/prebuilt/darwin-x86_64/bin/../libexec/gcc/:/Users/staff/Documents/worksoft/android-ndk-r13/toolchains/aarch64-linux-android-4.9/prebuilt/darwin-x86_64/bin/../lib/gcc/aarch64-linux-android/4.9.x/../../../../aarch64-linux-android/bin/]
  ignore line: [LIBRARY_PATH=/Users/staff/Documents/worksoft/android-ndk-r13/toolchains/aarch64-linux-android-4.9/prebuilt/darwin-x86_64/bin/../lib/gcc/aarch64-linux-android/4.9.x/:/Users/staff/Documents/worksoft/android-ndk-r13/toolchains/aarch64-linux-android-4.9/prebuilt/darwin-x86_64/bin/../lib/gcc/:/Users/staff/Documents/worksoft/android-ndk-r13/toolchains/aarch64-linux-android-4.9/prebuilt/darwin-x86_64/bin/../lib/gcc/aarch64-linux-android/4.9.x/../../../../aarch64-linux-android/lib/../lib64/:/Users/staff/Documents/worksoft/android-ndk-r13/toolchains/aarch64-linux-android-4.9/prebuilt/darwin-x86_64/bin/../lib/gcc/aarch64-linux-android/4.9.x/../../../../aarch64-linux-android/lib/:/Users/staff/Documents/worksoft/android-ndk-r13/platforms/android-21/arch-arm64/usr/lib/]
  ignore line: [COLLECT_GCC_OPTIONS='-ffunction-sections' '-funwind-tables' '-fstack-protector' '-I' '/Users/staff/Documents/cocos2dxlib/cocos2d-x-3rd-party-libs-src/contrib/install-android/arm64/include' '-O3' '-D' 'NDEBUG' '-fPIC' '-v' '-o' 'CMakeFiles/cmTC_1699a.dir/CMakeCXXCompilerABI.cpp.o' '-c' '-mlittle-endian' '-mabi=lp64']
  ignore line: [Linking CXX executable cmTC_1699a]
  ignore line: [/usr/local/Cellar/cmake/3.21.4/bin/cmake -E cmake_link_script CMakeFiles/cmTC_1699a.dir/link.txt --verbose=1]
  ignore line: [/Users/staff/Documents/worksoft/android-ndk-r13/toolchains/aarch64-linux-android-4.9/prebuilt/darwin-x86_64/bin/aarch64-linux-android-g++ --sysroot=/Users/staff/Documents/worksoft/android-ndk-r13/platforms/android-21/arch-arm64 -fpic -ffunction-sections  -funwind-tables  -fstack-protector  -no-canonical-prefixes -I/Users/staff/Documents/cocos2dxlib/cocos2d-x-3rd-party-libs-src/contrib/install-android/arm64/include -O3 -DNDEBUG -fPIC  -no-canonical-prefixes -L/Users/staff/Documents/cocos2dxlib/cocos2d-x-3rd-party-libs-src/contrib/install-android/arm64/lib -v -rdynamic CMakeFiles/cmTC_1699a.dir/CMakeCXXCompilerABI.cpp.o -o cmTC_1699a ]
  ignore line: [Using built-in specs.]
  ignore line: [COLLECT_GCC=/Users/staff/Documents/worksoft/android-ndk-r13/toolchains/aarch64-linux-android-4.9/prebuilt/darwin-x86_64/bin/aarch64-linux-android-g++]
  ignore line: [COLLECT_LTO_WRAPPER=/Users/staff/Documents/worksoft/android-ndk-r13/toolchains/aarch64-linux-android-4.9/prebuilt/darwin-x86_64/bin/../libexec/gcc/aarch64-linux-android/4.9.x/lto-wrapper]
  ignore line: [Target: aarch64-linux-android]
  ignore line: [Configured with: /Volumes/Android/buildbot/src/android/gcc/toolchain/build/../gcc/gcc-4.9/configure --prefix=/tmp/118a072655ec599826c2fad30bdf4c73 --target=aarch64-linux-android --host=x86_64-apple-darwin --build=x86_64-apple-darwin --with-gnu-as --with-gnu-ld --enable-languages=c,c++ --with-gmp=/buildbot/tmp/build/toolchain/temp-install --with-mpfr=/buildbot/tmp/build/toolchain/temp-install --with-mpc=/buildbot/tmp/build/toolchain/temp-install --with-cloog=/buildbot/tmp/build/toolchain/temp-install --with-isl=/buildbot/tmp/build/toolchain/temp-install --with-ppl=/buildbot/tmp/build/toolchain/temp-install --disable-ppl-version-check --disable-cloog-version-check --disable-isl-version-check --enable-cloog-backend=isl --with-host-libstdcxx='-static-libgcc -lstdc++ -lm' --disable-libssp --enable-threads --disable-nls --disable-libmudflap --disable-libgomp --disable-libstdc__-v3 --disable-sjlj-exceptions --disable-shared --disable-tls --disable-libitm --enable-bionic-libs --enable-libatomic-ifuncs=no --enable-initfini-array --disable-nls --prefix=/tmp/118a072655ec599826c2fad30bdf4c73 --with-sysroot=/tmp/118a072655ec599826c2fad30bdf4c73/sysroot --with-binutils-version=2.25 --with-mpfr-version=3.1.1 --with-mpc-version=1.0.1 --with-gmp-version=5.0.5 --with-gcc-version=4.9 --with-gdb-version=none --with-gxx-include-dir=/tmp/118a072655ec599826c2fad30bdf4c73/include/c++/4.9.x --with-bugurl=http://source.android.com/source/report-bugs.html --enable-languages=c,c++ --disable-bootstrap --enable-plugins --enable-libgomp --enable-gnu-indirect-function --disable-libsanitizer --enable-gold --enable-ld=default --enable-threads --enable-eh-frame-hdr-for-static --enable-fix-cortex-a53-835769 --enable-graphite=yes --with-isl-version=0.11.1 --with-cloog-version=0.18.0 --program-transform-name='s&^&aarch64-linux-android-&' --enable-gold]
  ignore line: [Thread model: posix]
  ignore line: [gcc version 4.9.x 20150123 (prerelease) (GCC) ]
  ignore line: [COMPILER_PATH=/Users/staff/Documents/worksoft/android-ndk-r13/toolchains/aarch64-linux-android-4.9/prebuilt/darwin-x86_64/bin/../libexec/gcc/aarch64-linux-android/4.9.x/:/Users/staff/Documents/worksoft/android-ndk-r13/toolchains/aarch64-linux-android-4.9/prebuilt/darwin-x86_64/bin/../libexec/gcc/:/Users/staff/Documents/worksoft/android-ndk-r13/toolchains/aarch64-linux-android-4.9/prebuilt/darwin-x86_64/bin/../lib/gcc/aarch64-linux-android/4.9.x/../../../../aarch64-linux-android/bin/]
  ignore line: [LIBRARY_PATH=/Users/staff/Documents/worksoft/android-ndk-r13/toolchains/aarch64-linux-android-4.9/prebuilt/darwin-x86_64/bin/../lib/gcc/aarch64-linux-android/4.9.x/:/Users/staff/Documents/worksoft/android-ndk-r13/toolchains/aarch64-linux-android-4.9/prebuilt/darwin-x86_64/bin/../lib/gcc/:/Users/staff/Documents/worksoft/android-ndk-r13/toolchains/aarch64-linux-android-4.9/prebuilt/darwin-x86_64/bin/../lib/gcc/aarch64-linux-android/4.9.x/../../../../aarch64-linux-android/lib/../lib64/:/Users/staff/Documents/worksoft/android-ndk-r13/toolchains/aarch64-linux-android-4.9/prebuilt/darwin-x86_64/bin/../lib/gcc/aarch64-linux-android/4.9.x/../../../../aarch64-linux-android/lib/:/Users/staff/Documents/worksoft/android-ndk-r13/platforms/android-21/arch-arm64/usr/lib/]
  ignore line: [COLLECT_GCC_OPTIONS='-ffunction-sections' '-funwind-tables' '-fstack-protector' '-I' '/Users/staff/Documents/cocos2dxlib/cocos2d-x-3rd-party-libs-src/contrib/install-android/arm64/include' '-O3' '-D' 'NDEBUG' '-fPIC' '-L/Users/staff/Documents/cocos2dxlib/cocos2d-x-3rd-party-libs-src/contrib/install-android/arm64/lib' '-v' '-rdynamic' '-o' 'cmTC_1699a' '-mlittle-endian' '-mabi=lp64']
  link line: [ /Users/staff/Documents/worksoft/android-ndk-r13/toolchains/aarch64-linux-android-4.9/prebuilt/darwin-x86_64/bin/../libexec/gcc/aarch64-linux-android/4.9.x/collect2 -plugin /Users/staff/Documents/worksoft/android-ndk-r13/toolchains/aarch64-linux-android-4.9/prebuilt/darwin-x86_64/bin/../libexec/gcc/aarch64-linux-android/4.9.x/liblto_plugin.so -plugin-opt=/Users/staff/Documents/worksoft/android-ndk-r13/toolchains/aarch64-linux-android-4.9/prebuilt/darwin-x86_64/bin/../libexec/gcc/aarch64-linux-android/4.9.x/lto-wrapper -plugin-opt=-fresolution=/var/folders/9y/g4jd7b0j2v567f391nk644800000gn/T//cclzJDrq.res -plugin-opt=-pass-through=-lgcc -plugin-opt=-pass-through=-lc -plugin-opt=-pass-through=-ldl -plugin-opt=-pass-through=-lgcc --sysroot=/Users/staff/Documents/worksoft/android-ndk-r13/platforms/android-21/arch-arm64 --eh-frame-hdr -export-dynamic -dynamic-linker /system/bin/linker64 -X -EL -maarch64linux --fix-cortex-a53-835769 --fix-cortex-a53-843419 -z noexecstack -z relro -z now -o cmTC_1699a /Users/staff/Documents/worksoft/android-ndk-r13/platforms/android-21/arch-arm64/usr/lib/crtbegin_dynamic.o -L/Users/staff/Documents/cocos2dxlib/cocos2d-x-3rd-party-libs-src/contrib/install-android/arm64/lib -L/Users/staff/Documents/worksoft/android-ndk-r13/toolchains/aarch64-linux-android-4.9/prebuilt/darwin-x86_64/bin/../lib/gcc/aarch64-linux-android/4.9.x -L/Users/staff/Documents/worksoft/android-ndk-r13/toolchains/aarch64-linux-android-4.9/prebuilt/darwin-x86_64/bin/../lib/gcc -L/Users/staff/Documents/worksoft/android-ndk-r13/toolchains/aarch64-linux-android-4.9/prebuilt/darwin-x86_64/bin/../lib/gcc/aarch64-linux-android/4.9.x/../../../../aarch64-linux-android/lib/../lib64 -L/Users/staff/Documents/worksoft/android-ndk-r13/toolchains/aarch64-linux-android-4.9/prebuilt/darwin-x86_64/bin/../lib/gcc/aarch64-linux-android/4.9.x/../../../../aarch64-linux-android/lib -L/Users/staff/Documents/worksoft/android-ndk-r13/platforms/android-21/arch-arm64/usr/lib CMakeFiles/cmTC_1699a.dir/CMakeCXXCompilerABI.cpp.o -lstdc++ -lm -lgcc -lc -ldl -lgcc /Users/staff/Documents/worksoft/android-ndk-r13/platforms/android-21/arch-arm64/usr/lib/crtend_android.o]
    arg [/Users/staff/Documents/worksoft/android-ndk-r13/toolchains/aarch64-linux-android-4.9/prebuilt/darwin-x86_64/bin/../libexec/gcc/aarch64-linux-android/4.9.x/collect2] ==> ignore
    arg [-plugin] ==> ignore
    arg [/Users/staff/Documents/worksoft/android-ndk-r13/toolchains/aarch64-linux-android-4.9/prebuilt/darwin-x86_64/bin/../libexec/gcc/aarch64-linux-android/4.9.x/liblto_plugin.so] ==> ignore
    arg [-plugin-opt=/Users/staff/Documents/worksoft/android-ndk-r13/toolchains/aarch64-linux-android-4.9/prebuilt/darwin-x86_64/bin/../libexec/gcc/aarch64-linux-android/4.9.x/lto-wrapper] ==> ignore
    arg [-plugin-opt=-fresolution=/var/folders/9y/g4jd7b0j2v567f391nk644800000gn/T//cclzJDrq.res] ==> ignore
    arg [-plugin-opt=-pass-through=-lgcc] ==> ignore
    arg [-plugin-opt=-pass-through=-lc] ==> ignore
    arg [-plugin-opt=-pass-through=-ldl] ==> ignore
    arg [-plugin-opt=-pass-through=-lgcc] ==> ignore
    arg [--sysroot=/Users/staff/Documents/worksoft/android-ndk-r13/platforms/android-21/arch-arm64] ==> ignore
    arg [--eh-frame-hdr] ==> ignore
    arg [-export-dynamic] ==> ignore
    arg [-dynamic-linker] ==> ignore
    arg [/system/bin/linker64] ==> ignore
    arg [-X] ==> ignore
    arg [-EL] ==> ignore
    arg [-maarch64linux] ==> ignore
    arg [--fix-cortex-a53-835769] ==> ignore
    arg [--fix-cortex-a53-843419] ==> ignore
    arg [-znoexecstack] ==> ignore
    arg [-zrelro] ==> ignore
    arg [-znow] ==> ignore
    arg [-o] ==> ignore
    arg [cmTC_1699a] ==> ignore
    arg [/Users/staff/Documents/worksoft/android-ndk-r13/platforms/android-21/arch-arm64/usr/lib/crtbegin_dynamic.o] ==> obj [/Users/staff/Documents/worksoft/android-ndk-r13/platforms/android-21/arch-arm64/usr/lib/crtbegin_dynamic.o]
    arg [-L/Users/staff/Documents/cocos2dxlib/cocos2d-x-3rd-party-libs-src/contrib/install-android/arm64/lib] ==> dir [/Users/staff/Documents/cocos2dxlib/cocos2d-x-3rd-party-libs-src/contrib/install-android/arm64/lib]
    arg [-L/Users/staff/Documents/worksoft/android-ndk-r13/toolchains/aarch64-linux-android-4.9/prebuilt/darwin-x86_64/bin/../lib/gcc/aarch64-linux-android/4.9.x] ==> dir [/Users/staff/Documents/worksoft/android-ndk-r13/toolchains/aarch64-linux-android-4.9/prebuilt/darwin-x86_64/bin/../lib/gcc/aarch64-linux-android/4.9.x]
    arg [-L/Users/staff/Documents/worksoft/android-ndk-r13/toolchains/aarch64-linux-android-4.9/prebuilt/darwin-x86_64/bin/../lib/gcc] ==> dir [/Users/staff/Documents/worksoft/android-ndk-r13/toolchains/aarch64-linux-android-4.9/prebuilt/darwin-x86_64/bin/../lib/gcc]
    arg [-L/Users/staff/Documents/worksoft/android-ndk-r13/toolchains/aarch64-linux-android-4.9/prebuilt/darwin-x86_64/bin/../lib/gcc/aarch64-linux-android/4.9.x/../../../../aarch64-linux-android/lib/../lib64] ==> dir [/Users/staff/Documents/worksoft/android-ndk-r13/toolchains/aarch64-linux-android-4.9/prebuilt/darwin-x86_64/bin/../lib/gcc/aarch64-linux-android/4.9.x/../../../../aarch64-linux-android/lib/../lib64]
    arg [-L/Users/staff/Documents/worksoft/android-ndk-r13/toolchains/aarch64-linux-android-4.9/prebuilt/darwin-x86_64/bin/../lib/gcc/aarch64-linux-android/4.9.x/../../../../aarch64-linux-android/lib] ==> dir [/Users/staff/Documents/worksoft/android-ndk-r13/toolchains/aarch64-linux-android-4.9/prebuilt/darwin-x86_64/bin/../lib/gcc/aarch64-linux-android/4.9.x/../../../../aarch64-linux-android/lib]
    arg [-L/Users/staff/Documents/worksoft/android-ndk-r13/platforms/android-21/arch-arm64/usr/lib] ==> dir [/Users/staff/Documents/worksoft/android-ndk-r13/platforms/android-21/arch-arm64/usr/lib]
    arg [CMakeFiles/cmTC_1699a.dir/CMakeCXXCompilerABI.cpp.o] ==> ignore
    arg [-lstdc++] ==> lib [stdc++]
    arg [-lm] ==> lib [m]
    arg [-lgcc] ==> lib [gcc]
    arg [-lc] ==> lib [c]
    arg [-ldl] ==> lib [dl]
    arg [-lgcc] ==> lib [gcc]
    arg [/Users/staff/Documents/worksoft/android-ndk-r13/platforms/android-21/arch-arm64/usr/lib/crtend_android.o] ==> obj [/Users/staff/Documents/worksoft/android-ndk-r13/platforms/android-21/arch-arm64/usr/lib/crtend_android.o]
  collapse library dir [/Users/staff/Documents/cocos2dxlib/cocos2d-x-3rd-party-libs-src/contrib/install-android/arm64/lib] ==> [/Users/staff/Documents/cocos2dxlib/cocos2d-x-3rd-party-libs-src/contrib/install-android/arm64/lib]
  collapse library dir [/Users/staff/Documents/worksoft/android-ndk-r13/toolchains/aarch64-linux-android-4.9/prebuilt/darwin-x86_64/bin/../lib/gcc/aarch64-linux-android/4.9.x] ==> [/Users/staff/Documents/worksoft/android-ndk-r13/toolchains/aarch64-linux-android-4.9/prebuilt/darwin-x86_64/lib/gcc/aarch64-linux-android/4.9.x]
  collapse library dir [/Users/staff/Documents/worksoft/android-ndk-r13/toolchains/aarch64-linux-android-4.9/prebuilt/darwin-x86_64/bin/../lib/gcc] ==> [/Users/staff/Documents/worksoft/android-ndk-r13/toolchains/aarch64-linux-android-4.9/prebuilt/darwin-x86_64/lib/gcc]
  collapse library dir [/Users/staff/Documents/worksoft/android-ndk-r13/toolchains/aarch64-linux-android-4.9/prebuilt/darwin-x86_64/bin/../lib/gcc/aarch64-linux-android/4.9.x/../../../../aarch64-linux-android/lib/../lib64] ==> [/Users/staff/Documents/worksoft/android-ndk-r13/toolchains/aarch64-linux-android-4.9/prebuilt/darwin-x86_64/aarch64-linux-android/lib64]
  collapse library dir [/Users/staff/Documents/worksoft/android-ndk-r13/toolchains/aarch64-linux-android-4.9/prebuilt/darwin-x86_64/bin/../lib/gcc/aarch64-linux-android/4.9.x/../../../../aarch64-linux-android/lib] ==> [/Users/staff/Documents/worksoft/android-ndk-r13/toolchains/aarch64-linux-android-4.9/prebuilt/darwin-x86_64/aarch64-linux-android/lib]
  collapse library dir [/Users/staff/Documents/worksoft/android-ndk-r13/platforms/android-21/arch-arm64/usr/lib] ==> [/Users/staff/Documents/worksoft/android-ndk-r13/platforms/android-21/arch-arm64/usr/lib]
  implicit libs: [stdc++;m;gcc;c;dl;gcc]
  implicit objs: [/Users/staff/Documents/worksoft/android-ndk-r13/platforms/android-21/arch-arm64/usr/lib/crtbegin_dynamic.o;/Users/staff/Documents/worksoft/android-ndk-r13/platforms/android-21/arch-arm64/usr/lib/crtend_android.o]
  implicit dirs: [/Users/staff/Documents/cocos2dxlib/cocos2d-x-3rd-party-libs-src/contrib/install-android/arm64/lib;/Users/staff/Documents/worksoft/android-ndk-r13/toolchains/aarch64-linux-android-4.9/prebuilt/darwin-x86_64/lib/gcc/aarch64-linux-android/4.9.x;/Users/staff/Documents/worksoft/android-ndk-r13/toolchains/aarch64-linux-android-4.9/prebuilt/darwin-x86_64/lib/gcc;/Users/staff/Documents/worksoft/android-ndk-r13/toolchains/aarch64-linux-android-4.9/prebuilt/darwin-x86_64/aarch64-linux-android/lib64;/Users/staff/Documents/worksoft/android-ndk-r13/toolchains/aarch64-linux-android-4.9/prebuilt/darwin-x86_64/aarch64-linux-android/lib;/Users/staff/Documents/worksoft/android-ndk-r13/platforms/android-21/arch-arm64/usr/lib]
  implicit fwks: []




Detecting CXX [-std=c++14] compiler features compiled with the following output:
Change Dir: /Users/staff/Documents/cocos2dxlib/cocos2d-x-3rd-party-libs-src/contrib/android-arm64/chipmunk/CMakeFiles/CMakeTmp

Run Build Command(s):/usr/bin/make -f Makefile cmTC_bc836/fast && /Applications/Xcode.app/Contents/Developer/usr/bin/make  -f CMakeFiles/cmTC_bc836.dir/build.make CMakeFiles/cmTC_bc836.dir/build
Building CXX object CMakeFiles/cmTC_bc836.dir/feature_tests.cxx.o
/Users/staff/Documents/worksoft/android-ndk-r13/toolchains/aarch64-linux-android-4.9/prebuilt/darwin-x86_64/bin/aarch64-linux-android-g++ --sysroot=/Users/staff/Documents/worksoft/android-ndk-r13/platforms/android-21/arch-arm64  -I/Users/staff/Documents/worksoft/android-ndk-r13/sources/cxx-stl/gnu-libstdc++/4.9/include -I/Users/staff/Documents/worksoft/android-ndk-r13/sources/cxx-stl/gnu-libstdc++/4.9/libs/arm64-v8a/include -I/Users/staff/Documents/worksoft/android-ndk-r13/sources/cxx-stl/gnu-libstdc++/4.9/include/backward -fpic -ffunction-sections  -funwind-tables  -fstack-protector  -no-canonical-prefixes -I/Users/staff/Documents/cocos2dxlib/cocos2d-x-3rd-party-libs-src/contrib/install-android/arm64/include -O3 -DNDEBUG -fPIC    -std=c++14 -o CMakeFiles/cmTC_bc836.dir/feature_tests.cxx.o -c /Users/staff/Documents/cocos2dxlib/cocos2d-x-3rd-party-libs-src/contrib/android-arm64/chipmunk/CMakeFiles/feature_tests.cxx
Linking CXX executable cmTC_bc836
/usr/local/Cellar/cmake/3.21.4/bin/cmake -E cmake_link_script CMakeFiles/cmTC_bc836.dir/link.txt --verbose=1
/Users/staff/Documents/worksoft/android-ndk-r13/toolchains/aarch64-linux-android-4.9/prebuilt/darwin-x86_64/bin/aarch64-linux-android-g++ --sysroot=/Users/staff/Documents/worksoft/android-ndk-r13/platforms/android-21/arch-arm64 -fpic -ffunction-sections  -funwind-tables  -fstack-protector  -no-canonical-prefixes -I/Users/staff/Documents/cocos2dxlib/cocos2d-x-3rd-party-libs-src/contrib/install-android/arm64/include -O3 -DNDEBUG -fPIC  -no-canonical-prefixes -L/Users/staff/Documents/cocos2dxlib/cocos2d-x-3rd-party-libs-src/contrib/install-android/arm64/lib  -rdynamic CMakeFiles/cmTC_bc836.dir/feature_tests.cxx.o -o cmTC_bc836 



    Feature record: CXX_FEATURE:1cxx_template_template_parameters
    Feature record: CXX_FEATURE:1cxx_alias_templates
    Feature record: CXX_FEATURE:1cxx_alignas
    Feature record: CXX_FEATURE:1cxx_alignof
    Feature record: CXX_FEATURE:1cxx_attributes
    Feature record: CXX_FEATURE:1cxx_auto_type
    Feature record: CXX_FEATURE:1cxx_constexpr
    Feature record: CXX_FEATURE:1cxx_decltype
    Feature record: CXX_FEATURE:1cxx_decltype_incomplete_return_types
    Feature record: CXX_FEATURE:1cxx_default_function_template_args
    Feature record: CXX_FEATURE:1cxx_defaulted_functions
    Feature record: CXX_FEATURE:1cxx_defaulted_move_initializers
    Feature record: CXX_FEATURE:1cxx_delegating_constructors
    Feature record: CXX_FEATURE:1cxx_deleted_functions
    Feature record: CXX_FEATURE:1cxx_enum_forward_declarations
    Feature record: CXX_FEATURE:1cxx_explicit_conversions
    Feature record: CXX_FEATURE:1cxx_extended_friend_declarations
    Feature record: CXX_FEATURE:1cxx_extern_templates
    Feature record: CXX_FEATURE:1cxx_final
    Feature record: CXX_FEATURE:1cxx_func_identifier
    Feature record: CXX_FEATURE:1cxx_generalized_initializers
    Feature record: CXX_FEATURE:1cxx_inheriting_constructors
    Feature record: CXX_FEATURE:1cxx_inline_namespaces
    Feature record: CXX_FEATURE:1cxx_lambdas
    Feature record: CXX_FEATURE:1cxx_local_type_template_args
    Feature record: CXX_FEATURE:1cxx_long_long_type
    Feature record: CXX_FEATURE:1cxx_noexcept
    Feature record: CXX_FEATURE:1cxx_nonstatic_member_init
    Feature record: CXX_FEATURE:1cxx_nullptr
    Feature record: CXX_FEATURE:1cxx_override
    Feature record: CXX_FEATURE:1cxx_range_for
    Feature record: CXX_FEATURE:1cxx_raw_string_literals
    Feature record: CXX_FEATURE:1cxx_reference_qualified_functions
    Feature record: CXX_FEATURE:1cxx_right_angle_brackets
    Feature record: CXX_FEATURE:1cxx_rvalue_references
    Feature record: CXX_FEATURE:1cxx_sizeof_member
    Feature record: CXX_FEATURE:1cxx_static_assert
    Feature record: CXX_FEATURE:1cxx_strong_enums
    Feature record: CXX_FEATURE:1cxx_thread_local
    Feature record: CXX_FEATURE:1cxx_trailing_return_types
    Feature record: CXX_FEATURE:1cxx_unicode_literals
    Feature record: CXX_FEATURE:1cxx_uniform_initialization
    Feature record: CXX_FEATURE:1cxx_unrestricted_unions
    Feature record: CXX_FEATURE:1cxx_user_literals
    Feature record: CXX_FEATURE:1cxx_variadic_macros
    Feature record: CXX_FEATURE:1cxx_variadic_templates
    Feature record: CXX_FEATURE:0cxx_aggregate_default_initializers
    Feature record: CXX_FEATURE:1cxx_attribute_deprecated
    Feature record: CXX_FEATURE:1cxx_binary_literals
    Feature record: CXX_FEATURE:1cxx_contextual_conversions
    Feature record: CXX_FEATURE:1cxx_decltype_auto
    Feature record: CXX_FEATURE:1cxx_digit_separators
    Feature record: CXX_FEATURE:1cxx_generic_lambdas
    Feature record: CXX_FEATURE:1cxx_lambda_init_captures
    Feature record: CXX_FEATURE:0cxx_relaxed_constexpr
    Feature record: CXX_FEATURE:1cxx_return_type_deduction
    Feature record: CXX_FEATURE:0cxx_variable_templates
